ERROR - 2021-12-21 00:18:19 --> You have an error in your SQL syntax; check the manual that corresponds to your MariaDB server version for the right syntax to use near '= '9883952469', `Course` = 'BCA'
WHERE `students`.`id` IN ('4')' at line 1
CRITICAL - 2021-12-21 00:18:19 --> You have an error in your SQL syntax; check the manual that corresponds to your MariaDB server version for the right syntax to use near '= '9883952469', `Course` = 'BCA'
WHERE `students`.`id` IN ('4')' at line 1
#0 C:\xampp\htdocs\codeigniter_4\codeignitier\system\Database\MySQLi\Connection.php(292): mysqli->query('UPDATE `student...', 0)
#1 C:\xampp\htdocs\codeigniter_4\codeignitier\system\Database\BaseConnection.php(670): CodeIgniter\Database\MySQLi\Connection->execute('UPDATE `student...')
#2 C:\xampp\htdocs\codeigniter_4\codeignitier\system\Database\BaseConnection.php(598): CodeIgniter\Database\BaseConnection->simpleQuery('UPDATE `student...')
#3 C:\xampp\htdocs\codeigniter_4\codeignitier\system\Database\BaseBuilder.php(1901): CodeIgniter\Database\BaseConnection->query('UPDATE `student...', Array, false)
#4 C:\xampp\htdocs\codeigniter_4\codeignitier\system\Model.php(298): CodeIgniter\Database\BaseBuilder->update()
#5 C:\xampp\htdocs\codeigniter_4\codeignitier\system\BaseModel.php(865): CodeIgniter\Model->doUpdate(Array, Array)
#6 C:\xampp\htdocs\codeigniter_4\codeignitier\system\Model.php(646): CodeIgniter\BaseModel->update(Array, Array)
#7 C:\xampp\htdocs\codeigniter_4\codeignitier\system\BaseModel.php(656): CodeIgniter\Model->update('4', Array)
#8 C:\xampp\htdocs\codeigniter_4\codeignitier\app\Controllers\StudentController.php(31): CodeIgniter\BaseModel->save(Array)
#9 C:\xampp\htdocs\codeigniter_4\codeignitier\system\CodeIgniter.php(824): App\Controllers\StudentController->store()
#10 C:\xampp\htdocs\codeigniter_4\codeignitier\system\CodeIgniter.php(410): CodeIgniter\CodeIgniter->runController(Object(App\Controllers\StudentController))
#11 C:\xampp\htdocs\codeigniter_4\codeignitier\system\CodeIgniter.php(318): CodeIgniter\CodeIgniter->handleRequest(NULL, Object(Config\Cache), false)
#12 C:\xampp\htdocs\codeigniter_4\codeignitier\public\index.php(37): CodeIgniter\CodeIgniter->run()
#13 C:\xampp\htdocs\codeigniter_4\codeignitier\system\Commands\Server\rewrite.php(43): require_once('C:\\xampp\\htdocs...')
#14 {main}
ERROR - 2021-12-21 00:29:05 --> You have an error in your SQL syntax; check the manual that corresponds to your MariaDB server version for the right syntax to use near '= '9883952469', `Course` = 'BCA'
WHERE `students`.`id` IN ('4')' at line 1
CRITICAL - 2021-12-21 00:29:05 --> You have an error in your SQL syntax; check the manual that corresponds to your MariaDB server version for the right syntax to use near '= '9883952469', `Course` = 'BCA'
WHERE `students`.`id` IN ('4')' at line 1
#0 C:\xampp\htdocs\codeigniter_4\codeignitier\system\Database\MySQLi\Connection.php(292): mysqli->query('UPDATE `student...', 0)
#1 C:\xampp\htdocs\codeigniter_4\codeignitier\system\Database\BaseConnection.php(670): CodeIgniter\Database\MySQLi\Connection->execute('UPDATE `student...')
#2 C:\xampp\htdocs\codeigniter_4\codeignitier\system\Database\BaseConnection.php(598): CodeIgniter\Database\BaseConnection->simpleQuery('UPDATE `student...')
#3 C:\xampp\htdocs\codeigniter_4\codeignitier\system\Database\BaseBuilder.php(1901): CodeIgniter\Database\BaseConnection->query('UPDATE `student...', Array, false)
#4 C:\xampp\htdocs\codeigniter_4\codeignitier\system\Model.php(298): CodeIgniter\Database\BaseBuilder->update()
#5 C:\xampp\htdocs\codeigniter_4\codeignitier\system\BaseModel.php(865): CodeIgniter\Model->doUpdate(Array, Array)
#6 C:\xampp\htdocs\codeigniter_4\codeignitier\system\Model.php(646): CodeIgniter\BaseModel->update(Array, Array)
#7 C:\xampp\htdocs\codeigniter_4\codeignitier\system\BaseModel.php(656): CodeIgniter\Model->update('4', Array)
#8 C:\xampp\htdocs\codeigniter_4\codeignitier\app\Controllers\StudentController.php(31): CodeIgniter\BaseModel->save(Array)
#9 C:\xampp\htdocs\codeigniter_4\codeignitier\system\CodeIgniter.php(824): App\Controllers\StudentController->store()
#10 C:\xampp\htdocs\codeigniter_4\codeignitier\system\CodeIgniter.php(410): CodeIgniter\CodeIgniter->runController(Object(App\Controllers\StudentController))
#11 C:\xampp\htdocs\codeigniter_4\codeignitier\system\CodeIgniter.php(318): CodeIgniter\CodeIgniter->handleRequest(NULL, Object(Config\Cache), false)
#12 C:\xampp\htdocs\codeigniter_4\codeignitier\public\index.php(37): CodeIgniter\CodeIgniter->run()
#13 C:\xampp\htdocs\codeigniter_4\codeignitier\system\Commands\Server\rewrite.php(43): require_once('C:\\xampp\\htdocs...')
#14 {main}
ERROR - 2021-12-21 00:31:34 --> You have an error in your SQL syntax; check the manual that corresponds to your MariaDB server version for the right syntax to use near '= '9883952469', `Course` = 'BCA'
WHERE `students`.`id` IN ('4')' at line 1
CRITICAL - 2021-12-21 00:31:34 --> You have an error in your SQL syntax; check the manual that corresponds to your MariaDB server version for the right syntax to use near '= '9883952469', `Course` = 'BCA'
WHERE `students`.`id` IN ('4')' at line 1
#0 C:\xampp\htdocs\codeigniter_4\codeignitier\system\Database\MySQLi\Connection.php(292): mysqli->query('UPDATE `student...', 0)
#1 C:\xampp\htdocs\codeigniter_4\codeignitier\system\Database\BaseConnection.php(670): CodeIgniter\Database\MySQLi\Connection->execute('UPDATE `student...')
#2 C:\xampp\htdocs\codeigniter_4\codeignitier\system\Database\BaseConnection.php(598): CodeIgniter\Database\BaseConnection->simpleQuery('UPDATE `student...')
#3 C:\xampp\htdocs\codeigniter_4\codeignitier\system\Database\BaseBuilder.php(1901): CodeIgniter\Database\BaseConnection->query('UPDATE `student...', Array, false)
#4 C:\xampp\htdocs\codeigniter_4\codeignitier\system\Model.php(298): CodeIgniter\Database\BaseBuilder->update()
#5 C:\xampp\htdocs\codeigniter_4\codeignitier\system\BaseModel.php(865): CodeIgniter\Model->doUpdate(Array, Array)
#6 C:\xampp\htdocs\codeigniter_4\codeignitier\system\Model.php(646): CodeIgniter\BaseModel->update(Array, Array)
#7 C:\xampp\htdocs\codeigniter_4\codeignitier\system\BaseModel.php(656): CodeIgniter\Model->update('4', Array)
#8 C:\xampp\htdocs\codeigniter_4\codeignitier\app\Controllers\StudentController.php(31): CodeIgniter\BaseModel->save(Array)
#9 C:\xampp\htdocs\codeigniter_4\codeignitier\system\CodeIgniter.php(824): App\Controllers\StudentController->store()
#10 C:\xampp\htdocs\codeigniter_4\codeignitier\system\CodeIgniter.php(410): CodeIgniter\CodeIgniter->runController(Object(App\Controllers\StudentController))
#11 C:\xampp\htdocs\codeigniter_4\codeignitier\system\CodeIgniter.php(318): CodeIgniter\CodeIgniter->handleRequest(NULL, Object(Config\Cache), false)
#12 C:\xampp\htdocs\codeigniter_4\codeignitier\public\index.php(37): CodeIgniter\CodeIgniter->run()
#13 C:\xampp\htdocs\codeigniter_4\codeignitier\system\Commands\Server\rewrite.php(43): require_once('C:\\xampp\\htdocs...')
#14 {main}
ERROR - 2021-12-21 00:56:40 --> You have an error in your SQL syntax; check the manual that corresponds to your MariaDB server version for the right syntax to use near ' `Course`) VALUES ('Bunty', 'come2suku@gmail.com', '9999999999', 'BCA')' at line 1
CRITICAL - 2021-12-21 00:56:40 --> You have an error in your SQL syntax; check the manual that corresponds to your MariaDB server version for the right syntax to use near ' `Course`) VALUES ('Bunty', 'come2suku@gmail.com', '9999999999', 'BCA')' at line 1
#0 C:\xampp\htdocs\codeigniter_4\codeignitier\system\Database\MySQLi\Connection.php(292): mysqli->query('INSERT INTO `st...', 0)
#1 C:\xampp\htdocs\codeigniter_4\codeignitier\system\Database\BaseConnection.php(670): CodeIgniter\Database\MySQLi\Connection->execute('INSERT INTO `st...')
#2 C:\xampp\htdocs\codeigniter_4\codeignitier\system\Database\BaseConnection.php(598): CodeIgniter\Database\BaseConnection->simpleQuery('INSERT INTO `st...')
#3 C:\xampp\htdocs\codeigniter_4\codeignitier\system\Database\BaseBuilder.php(1759): CodeIgniter\Database\BaseConnection->query('INSERT INTO `st...', Array, false)
#4 C:\xampp\htdocs\codeigniter_4\codeignitier\system\Model.php(239): CodeIgniter\Database\BaseBuilder->insert()
#5 C:\xampp\htdocs\codeigniter_4\codeignitier\system\BaseModel.php(738): CodeIgniter\Model->doInsert(Array)
#6 C:\xampp\htdocs\codeigniter_4\codeignitier\system\Model.php(620): CodeIgniter\BaseModel->insert(Array, false)
#7 C:\xampp\htdocs\codeigniter_4\codeignitier\system\BaseModel.php(658): CodeIgniter\Model->insert(Array, false)
#8 C:\xampp\htdocs\codeigniter_4\codeignitier\app\Controllers\StudentController.php(31): CodeIgniter\BaseModel->save(Array)
#9 C:\xampp\htdocs\codeigniter_4\codeignitier\system\CodeIgniter.php(824): App\Controllers\StudentController->store()
#10 C:\xampp\htdocs\codeigniter_4\codeignitier\system\CodeIgniter.php(410): CodeIgniter\CodeIgniter->runController(Object(App\Controllers\StudentController))
#11 C:\xampp\htdocs\codeigniter_4\codeignitier\system\CodeIgniter.php(318): CodeIgniter\CodeIgniter->handleRequest(NULL, Object(Config\Cache), false)
#12 C:\xampp\htdocs\codeigniter_4\codeignitier\public\index.php(37): CodeIgniter\CodeIgniter->run()
#13 C:\xampp\htdocs\codeigniter_4\codeignitier\system\Commands\Server\rewrite.php(43): require_once('C:\\xampp\\htdocs...')
#14 {main}
ERROR - 2021-12-21 01:19:31 --> You have an error in your SQL syntax; check the manual that corresponds to your MariaDB server version for the right syntax to use near ' `Course`) VALUES ('Bunty', 's@gmail.com', '9999999999', 'BCA')' at line 1
CRITICAL - 2021-12-21 01:19:31 --> You have an error in your SQL syntax; check the manual that corresponds to your MariaDB server version for the right syntax to use near ' `Course`) VALUES ('Bunty', 's@gmail.com', '9999999999', 'BCA')' at line 1
#0 C:\xampp\htdocs\codeigniter_4\codeignitier\system\Database\MySQLi\Connection.php(292): mysqli->query('INSERT INTO `st...', 0)
#1 C:\xampp\htdocs\codeigniter_4\codeignitier\system\Database\BaseConnection.php(670): CodeIgniter\Database\MySQLi\Connection->execute('INSERT INTO `st...')
#2 C:\xampp\htdocs\codeigniter_4\codeignitier\system\Database\BaseConnection.php(598): CodeIgniter\Database\BaseConnection->simpleQuery('INSERT INTO `st...')
#3 C:\xampp\htdocs\codeigniter_4\codeignitier\system\Database\BaseBuilder.php(1759): CodeIgniter\Database\BaseConnection->query('INSERT INTO `st...', Array, false)
#4 C:\xampp\htdocs\codeigniter_4\codeignitier\system\Model.php(239): CodeIgniter\Database\BaseBuilder->insert()
#5 C:\xampp\htdocs\codeigniter_4\codeignitier\system\BaseModel.php(738): CodeIgniter\Model->doInsert(Array)
#6 C:\xampp\htdocs\codeigniter_4\codeignitier\system\Model.php(620): CodeIgniter\BaseModel->insert(Array, false)
#7 C:\xampp\htdocs\codeigniter_4\codeignitier\system\BaseModel.php(658): CodeIgniter\Model->insert(Array, false)
#8 C:\xampp\htdocs\codeigniter_4\codeignitier\app\Controllers\StudentController.php(35): CodeIgniter\BaseModel->save(Array)
#9 C:\xampp\htdocs\codeigniter_4\codeignitier\system\CodeIgniter.php(824): App\Controllers\StudentController->store()
#10 C:\xampp\htdocs\codeigniter_4\codeignitier\system\CodeIgniter.php(410): CodeIgniter\CodeIgniter->runController(Object(App\Controllers\StudentController))
#11 C:\xampp\htdocs\codeigniter_4\codeignitier\system\CodeIgniter.php(318): CodeIgniter\CodeIgniter->handleRequest(NULL, Object(Config\Cache), false)
#12 C:\xampp\htdocs\codeigniter_4\codeignitier\public\index.php(37): CodeIgniter\CodeIgniter->run()
#13 C:\xampp\htdocs\codeigniter_4\codeignitier\system\Commands\Server\rewrite.php(43): require_once('C:\\xampp\\htdocs...')
#14 {main}
CRITICAL - 2021-12-21 01:30:26 --> Invalid file: students.php
#0 C:\xampp\htdocs\codeigniter_4\codeignitier\system\View\View.php(198): CodeIgniter\Exceptions\FrameworkException::forInvalidFile('students.php')
#1 C:\xampp\htdocs\codeigniter_4\codeignitier\system\Common.php(1097): CodeIgniter\View\View->render('students', Array, true)
#2 C:\xampp\htdocs\codeigniter_4\codeignitier\app\Controllers\StudentController.php(21): view('students')
#3 C:\xampp\htdocs\codeigniter_4\codeignitier\system\CodeIgniter.php(824): App\Controllers\StudentController->store()
#4 C:\xampp\htdocs\codeigniter_4\codeignitier\system\CodeIgniter.php(410): CodeIgniter\CodeIgniter->runController(Object(App\Controllers\StudentController))
#5 C:\xampp\htdocs\codeigniter_4\codeignitier\system\CodeIgniter.php(318): CodeIgniter\CodeIgniter->handleRequest(NULL, Object(Config\Cache), false)
#6 C:\xampp\htdocs\codeigniter_4\codeignitier\public\index.php(37): CodeIgniter\CodeIgniter->run()
#7 C:\xampp\htdocs\codeigniter_4\codeignitier\system\Commands\Server\rewrite.php(43): require_once('C:\\xampp\\htdocs...')
#8 {main}
CRITICAL - 2021-12-21 01:32:24 --> Undefined variable $students
#0 C:\xampp\htdocs\codeigniter_4\codeignitier\app\Views\students\index.php(30): CodeIgniter\Debug\Exceptions->errorHandler(2, 'Undefined varia...', 'C:\\xampp\\htdocs...', 30)
#1 C:\xampp\htdocs\codeigniter_4\codeignitier\system\View\View.php(214): include('C:\\xampp\\htdocs...')
#2 C:\xampp\htdocs\codeigniter_4\codeignitier\system\View\View.php(217): CodeIgniter\View\View->CodeIgniter\View\{closure}()
#3 C:\xampp\htdocs\codeigniter_4\codeignitier\system\Common.php(1097): CodeIgniter\View\View->render('students/index', Array, true)
#4 C:\xampp\htdocs\codeigniter_4\codeignitier\app\Controllers\StudentController.php(21): view('students/index')
#5 C:\xampp\htdocs\codeigniter_4\codeignitier\system\CodeIgniter.php(824): App\Controllers\StudentController->store()
#6 C:\xampp\htdocs\codeigniter_4\codeignitier\system\CodeIgniter.php(410): CodeIgniter\CodeIgniter->runController(Object(App\Controllers\StudentController))
#7 C:\xampp\htdocs\codeigniter_4\codeignitier\system\CodeIgniter.php(318): CodeIgniter\CodeIgniter->handleRequest(NULL, Object(Config\Cache), false)
#8 C:\xampp\htdocs\codeigniter_4\codeignitier\public\index.php(37): CodeIgniter\CodeIgniter->run()
#9 C:\xampp\htdocs\codeigniter_4\codeignitier\system\Commands\Server\rewrite.php(43): require_once('C:\\xampp\\htdocs...')
#10 {main}
CRITICAL - 2021-12-21 01:33:13 --> Call to undefined method App\Models\StudentModel::add
#0 C:\xampp\htdocs\codeigniter_4\codeignitier\app\Controllers\StudentController.php(36): CodeIgniter\Model->__call('add', Array)
#1 C:\xampp\htdocs\codeigniter_4\codeignitier\system\CodeIgniter.php(824): App\Controllers\StudentController->store()
#2 C:\xampp\htdocs\codeigniter_4\codeignitier\system\CodeIgniter.php(410): CodeIgniter\CodeIgniter->runController(Object(App\Controllers\StudentController))
#3 C:\xampp\htdocs\codeigniter_4\codeignitier\system\CodeIgniter.php(318): CodeIgniter\CodeIgniter->handleRequest(NULL, Object(Config\Cache), false)
#4 C:\xampp\htdocs\codeigniter_4\codeignitier\public\index.php(37): CodeIgniter\CodeIgniter->run()
#5 C:\xampp\htdocs\codeigniter_4\codeignitier\system\Commands\Server\rewrite.php(43): require_once('C:\\xampp\\htdocs...')
#6 {main}
ERROR - 2021-12-21 01:34:01 --> You have an error in your SQL syntax; check the manual that corresponds to your MariaDB server version for the right syntax to use near ' `Course`) VALUES ('Bunty', 's@gmail.com', '9999999999', 'BCA')' at line 1
CRITICAL - 2021-12-21 01:34:01 --> You have an error in your SQL syntax; check the manual that corresponds to your MariaDB server version for the right syntax to use near ' `Course`) VALUES ('Bunty', 's@gmail.com', '9999999999', 'BCA')' at line 1
#0 C:\xampp\htdocs\codeigniter_4\codeignitier\system\Database\MySQLi\Connection.php(292): mysqli->query('INSERT INTO `st...', 0)
#1 C:\xampp\htdocs\codeigniter_4\codeignitier\system\Database\BaseConnection.php(670): CodeIgniter\Database\MySQLi\Connection->execute('INSERT INTO `st...')
#2 C:\xampp\htdocs\codeigniter_4\codeignitier\system\Database\BaseConnection.php(598): CodeIgniter\Database\BaseConnection->simpleQuery('INSERT INTO `st...')
#3 C:\xampp\htdocs\codeigniter_4\codeignitier\system\Database\BaseBuilder.php(1759): CodeIgniter\Database\BaseConnection->query('INSERT INTO `st...', Array, false)
#4 C:\xampp\htdocs\codeigniter_4\codeignitier\system\Model.php(239): CodeIgniter\Database\BaseBuilder->insert()
#5 C:\xampp\htdocs\codeigniter_4\codeignitier\system\BaseModel.php(738): CodeIgniter\Model->doInsert(Array)
#6 C:\xampp\htdocs\codeigniter_4\codeignitier\system\Model.php(620): CodeIgniter\BaseModel->insert(Array, false)
#7 C:\xampp\htdocs\codeigniter_4\codeignitier\system\BaseModel.php(658): CodeIgniter\Model->insert(Array, false)
#8 C:\xampp\htdocs\codeigniter_4\codeignitier\app\Controllers\StudentController.php(36): CodeIgniter\BaseModel->save(Array)
#9 C:\xampp\htdocs\codeigniter_4\codeignitier\system\CodeIgniter.php(824): App\Controllers\StudentController->store()
#10 C:\xampp\htdocs\codeigniter_4\codeignitier\system\CodeIgniter.php(410): CodeIgniter\CodeIgniter->runController(Object(App\Controllers\StudentController))
#11 C:\xampp\htdocs\codeigniter_4\codeignitier\system\CodeIgniter.php(318): CodeIgniter\CodeIgniter->handleRequest(NULL, Object(Config\Cache), false)
#12 C:\xampp\htdocs\codeigniter_4\codeignitier\public\index.php(37): CodeIgniter\CodeIgniter->run()
#13 C:\xampp\htdocs\codeigniter_4\codeignitier\system\Commands\Server\rewrite.php(43): require_once('C:\\xampp\\htdocs...')
#14 {main}
ERROR - 2021-12-21 01:34:31 --> You have an error in your SQL syntax; check the manual that corresponds to your MariaDB server version for the right syntax to use near ' `Course`) VALUES ('Bunty', 's@gmail.com', '9999999999', 'BCA')' at line 1
CRITICAL - 2021-12-21 01:34:31 --> You have an error in your SQL syntax; check the manual that corresponds to your MariaDB server version for the right syntax to use near ' `Course`) VALUES ('Bunty', 's@gmail.com', '9999999999', 'BCA')' at line 1
#0 C:\xampp\htdocs\codeigniter_4\codeignitier\system\Database\MySQLi\Connection.php(292): mysqli->query('INSERT INTO `st...', 0)
#1 C:\xampp\htdocs\codeigniter_4\codeignitier\system\Database\BaseConnection.php(670): CodeIgniter\Database\MySQLi\Connection->execute('INSERT INTO `st...')
#2 C:\xampp\htdocs\codeigniter_4\codeignitier\system\Database\BaseConnection.php(598): CodeIgniter\Database\BaseConnection->simpleQuery('INSERT INTO `st...')
#3 C:\xampp\htdocs\codeigniter_4\codeignitier\system\Database\BaseBuilder.php(1759): CodeIgniter\Database\BaseConnection->query('INSERT INTO `st...', Array, false)
#4 C:\xampp\htdocs\codeigniter_4\codeignitier\system\Model.php(239): CodeIgniter\Database\BaseBuilder->insert()
#5 C:\xampp\htdocs\codeigniter_4\codeignitier\system\BaseModel.php(738): CodeIgniter\Model->doInsert(Array)
#6 C:\xampp\htdocs\codeigniter_4\codeignitier\system\Model.php(620): CodeIgniter\BaseModel->insert(Array, true)
#7 C:\xampp\htdocs\codeigniter_4\codeignitier\app\Controllers\StudentController.php(36): CodeIgniter\Model->insert(Array)
#8 C:\xampp\htdocs\codeigniter_4\codeignitier\system\CodeIgniter.php(824): App\Controllers\StudentController->store()
#9 C:\xampp\htdocs\codeigniter_4\codeignitier\system\CodeIgniter.php(410): CodeIgniter\CodeIgniter->runController(Object(App\Controllers\StudentController))
#10 C:\xampp\htdocs\codeigniter_4\codeignitier\system\CodeIgniter.php(318): CodeIgniter\CodeIgniter->handleRequest(NULL, Object(Config\Cache), false)
#11 C:\xampp\htdocs\codeigniter_4\codeignitier\public\index.php(37): CodeIgniter\CodeIgniter->run()
#12 C:\xampp\htdocs\codeigniter_4\codeignitier\system\Commands\Server\rewrite.php(43): require_once('C:\\xampp\\htdocs...')
#13 {main}
ERROR - 2021-12-21 01:34:32 --> You have an error in your SQL syntax; check the manual that corresponds to your MariaDB server version for the right syntax to use near ' `Course`) VALUES ('Bunty', 's@gmail.com', '9999999999', 'BCA')' at line 1
CRITICAL - 2021-12-21 01:34:32 --> You have an error in your SQL syntax; check the manual that corresponds to your MariaDB server version for the right syntax to use near ' `Course`) VALUES ('Bunty', 's@gmail.com', '9999999999', 'BCA')' at line 1
#0 C:\xampp\htdocs\codeigniter_4\codeignitier\system\Database\MySQLi\Connection.php(292): mysqli->query('INSERT INTO `st...', 0)
#1 C:\xampp\htdocs\codeigniter_4\codeignitier\system\Database\BaseConnection.php(670): CodeIgniter\Database\MySQLi\Connection->execute('INSERT INTO `st...')
#2 C:\xampp\htdocs\codeigniter_4\codeignitier\system\Database\BaseConnection.php(598): CodeIgniter\Database\BaseConnection->simpleQuery('INSERT INTO `st...')
#3 C:\xampp\htdocs\codeigniter_4\codeignitier\system\Database\BaseBuilder.php(1759): CodeIgniter\Database\BaseConnection->query('INSERT INTO `st...', Array, false)
#4 C:\xampp\htdocs\codeigniter_4\codeignitier\system\Model.php(239): CodeIgniter\Database\BaseBuilder->insert()
#5 C:\xampp\htdocs\codeigniter_4\codeignitier\system\BaseModel.php(738): CodeIgniter\Model->doInsert(Array)
#6 C:\xampp\htdocs\codeigniter_4\codeignitier\system\Model.php(620): CodeIgniter\BaseModel->insert(Array, true)
#7 C:\xampp\htdocs\codeigniter_4\codeignitier\app\Controllers\StudentController.php(36): CodeIgniter\Model->insert(Array)
#8 C:\xampp\htdocs\codeigniter_4\codeignitier\system\CodeIgniter.php(824): App\Controllers\StudentController->store()
#9 C:\xampp\htdocs\codeigniter_4\codeignitier\system\CodeIgniter.php(410): CodeIgniter\CodeIgniter->runController(Object(App\Controllers\StudentController))
#10 C:\xampp\htdocs\codeigniter_4\codeignitier\system\CodeIgniter.php(318): CodeIgniter\CodeIgniter->handleRequest(NULL, Object(Config\Cache), false)
#11 C:\xampp\htdocs\codeigniter_4\codeignitier\public\index.php(37): CodeIgniter\CodeIgniter->run()
#12 C:\xampp\htdocs\codeigniter_4\codeignitier\system\Commands\Server\rewrite.php(43): require_once('C:\\xampp\\htdocs...')
#13 {main}
ERROR - 2021-12-21 01:34:32 --> You have an error in your SQL syntax; check the manual that corresponds to your MariaDB server version for the right syntax to use near ' `Course`) VALUES ('Bunty', 's@gmail.com', '9999999999', 'BCA')' at line 1
CRITICAL - 2021-12-21 01:34:32 --> You have an error in your SQL syntax; check the manual that corresponds to your MariaDB server version for the right syntax to use near ' `Course`) VALUES ('Bunty', 's@gmail.com', '9999999999', 'BCA')' at line 1
#0 C:\xampp\htdocs\codeigniter_4\codeignitier\system\Database\MySQLi\Connection.php(292): mysqli->query('INSERT INTO `st...', 0)
#1 C:\xampp\htdocs\codeigniter_4\codeignitier\system\Database\BaseConnection.php(670): CodeIgniter\Database\MySQLi\Connection->execute('INSERT INTO `st...')
#2 C:\xampp\htdocs\codeigniter_4\codeignitier\system\Database\BaseConnection.php(598): CodeIgniter\Database\BaseConnection->simpleQuery('INSERT INTO `st...')
#3 C:\xampp\htdocs\codeigniter_4\codeignitier\system\Database\BaseBuilder.php(1759): CodeIgniter\Database\BaseConnection->query('INSERT INTO `st...', Array, false)
#4 C:\xampp\htdocs\codeigniter_4\codeignitier\system\Model.php(239): CodeIgniter\Database\BaseBuilder->insert()
#5 C:\xampp\htdocs\codeigniter_4\codeignitier\system\BaseModel.php(738): CodeIgniter\Model->doInsert(Array)
#6 C:\xampp\htdocs\codeigniter_4\codeignitier\system\Model.php(620): CodeIgniter\BaseModel->insert(Array, true)
#7 C:\xampp\htdocs\codeigniter_4\codeignitier\app\Controllers\StudentController.php(36): CodeIgniter\Model->insert(Array)
#8 C:\xampp\htdocs\codeigniter_4\codeignitier\system\CodeIgniter.php(824): App\Controllers\StudentController->store()
#9 C:\xampp\htdocs\codeigniter_4\codeignitier\system\CodeIgniter.php(410): CodeIgniter\CodeIgniter->runController(Object(App\Controllers\StudentController))
#10 C:\xampp\htdocs\codeigniter_4\codeignitier\system\CodeIgniter.php(318): CodeIgniter\CodeIgniter->handleRequest(NULL, Object(Config\Cache), false)
#11 C:\xampp\htdocs\codeigniter_4\codeignitier\public\index.php(37): CodeIgniter\CodeIgniter->run()
#12 C:\xampp\htdocs\codeigniter_4\codeignitier\system\Commands\Server\rewrite.php(43): require_once('C:\\xampp\\htdocs...')
#13 {main}
ERROR - 2021-12-21 01:34:33 --> You have an error in your SQL syntax; check the manual that corresponds to your MariaDB server version for the right syntax to use near ' `Course`) VALUES ('Bunty', 's@gmail.com', '9999999999', 'BCA')' at line 1
CRITICAL - 2021-12-21 01:34:33 --> You have an error in your SQL syntax; check the manual that corresponds to your MariaDB server version for the right syntax to use near ' `Course`) VALUES ('Bunty', 's@gmail.com', '9999999999', 'BCA')' at line 1
#0 C:\xampp\htdocs\codeigniter_4\codeignitier\system\Database\MySQLi\Connection.php(292): mysqli->query('INSERT INTO `st...', 0)
#1 C:\xampp\htdocs\codeigniter_4\codeignitier\system\Database\BaseConnection.php(670): CodeIgniter\Database\MySQLi\Connection->execute('INSERT INTO `st...')
#2 C:\xampp\htdocs\codeigniter_4\codeignitier\system\Database\BaseConnection.php(598): CodeIgniter\Database\BaseConnection->simpleQuery('INSERT INTO `st...')
#3 C:\xampp\htdocs\codeigniter_4\codeignitier\system\Database\BaseBuilder.php(1759): CodeIgniter\Database\BaseConnection->query('INSERT INTO `st...', Array, false)
#4 C:\xampp\htdocs\codeigniter_4\codeignitier\system\Model.php(239): CodeIgniter\Database\BaseBuilder->insert()
#5 C:\xampp\htdocs\codeigniter_4\codeignitier\system\BaseModel.php(738): CodeIgniter\Model->doInsert(Array)
#6 C:\xampp\htdocs\codeigniter_4\codeignitier\system\Model.php(620): CodeIgniter\BaseModel->insert(Array, true)
#7 C:\xampp\htdocs\codeigniter_4\codeignitier\app\Controllers\StudentController.php(36): CodeIgniter\Model->insert(Array)
#8 C:\xampp\htdocs\codeigniter_4\codeignitier\system\CodeIgniter.php(824): App\Controllers\StudentController->store()
#9 C:\xampp\htdocs\codeigniter_4\codeignitier\system\CodeIgniter.php(410): CodeIgniter\CodeIgniter->runController(Object(App\Controllers\StudentController))
#10 C:\xampp\htdocs\codeigniter_4\codeignitier\system\CodeIgniter.php(318): CodeIgniter\CodeIgniter->handleRequest(NULL, Object(Config\Cache), false)
#11 C:\xampp\htdocs\codeigniter_4\codeignitier\public\index.php(37): CodeIgniter\CodeIgniter->run()
#12 C:\xampp\htdocs\codeigniter_4\codeignitier\system\Commands\Server\rewrite.php(43): require_once('C:\\xampp\\htdocs...')
#13 {main}
CRITICAL - 2021-12-21 01:52:44 --> There is no data to insert.
#0 C:\xampp\htdocs\codeigniter_4\codeignitier\system\BaseModel.php(718): CodeIgniter\Database\Exceptions\DataException::forEmptyDataset('insert')
#1 C:\xampp\htdocs\codeigniter_4\codeignitier\system\Model.php(620): CodeIgniter\BaseModel->insert(Array, false)
#2 C:\xampp\htdocs\codeigniter_4\codeignitier\system\BaseModel.php(658): CodeIgniter\Model->insert(Array, false)
#3 C:\xampp\htdocs\codeigniter_4\codeignitier\app\Controllers\StudentController.php(23): CodeIgniter\BaseModel->save(Array)
#4 C:\xampp\htdocs\codeigniter_4\codeignitier\system\CodeIgniter.php(824): App\Controllers\StudentController->store()
#5 C:\xampp\htdocs\codeigniter_4\codeignitier\system\CodeIgniter.php(410): CodeIgniter\CodeIgniter->runController(Object(App\Controllers\StudentController))
#6 C:\xampp\htdocs\codeigniter_4\codeignitier\system\CodeIgniter.php(318): CodeIgniter\CodeIgniter->handleRequest(NULL, Object(Config\Cache), false)
#7 C:\xampp\htdocs\codeigniter_4\codeignitier\public\index.php(37): CodeIgniter\CodeIgniter->run()
#8 C:\xampp\htdocs\codeigniter_4\codeignitier\system\Commands\Server\rewrite.php(43): require_once('C:\\xampp\\htdocs...')
#9 {main}
CRITICAL - 2021-12-21 01:55:08 --> There is no data to insert.
#0 C:\xampp\htdocs\codeigniter_4\codeignitier\system\BaseModel.php(718): CodeIgniter\Database\Exceptions\DataException::forEmptyDataset('insert')
#1 C:\xampp\htdocs\codeigniter_4\codeignitier\system\Model.php(620): CodeIgniter\BaseModel->insert(Array, false)
#2 C:\xampp\htdocs\codeigniter_4\codeignitier\system\BaseModel.php(658): CodeIgniter\Model->insert(Array, false)
#3 C:\xampp\htdocs\codeigniter_4\codeignitier\app\Controllers\StudentController.php(23): CodeIgniter\BaseModel->save(Array)
#4 C:\xampp\htdocs\codeigniter_4\codeignitier\system\CodeIgniter.php(824): App\Controllers\StudentController->store()
#5 C:\xampp\htdocs\codeigniter_4\codeignitier\system\CodeIgniter.php(410): CodeIgniter\CodeIgniter->runController(Object(App\Controllers\StudentController))
#6 C:\xampp\htdocs\codeigniter_4\codeignitier\system\CodeIgniter.php(318): CodeIgniter\CodeIgniter->handleRequest(NULL, Object(Config\Cache), false)
#7 C:\xampp\htdocs\codeigniter_4\codeignitier\public\index.php(37): CodeIgniter\CodeIgniter->run()
#8 C:\xampp\htdocs\codeigniter_4\codeignitier\system\Commands\Server\rewrite.php(43): require_once('C:\\xampp\\htdocs...')
#9 {main}
CRITICAL - 2021-12-21 02:12:52 --> There is no data to update.
#0 C:\xampp\htdocs\codeigniter_4\codeignitier\system\BaseModel.php(846): CodeIgniter\Database\Exceptions\DataException::forEmptyDataset('update')
#1 C:\xampp\htdocs\codeigniter_4\codeignitier\system\Model.php(646): CodeIgniter\BaseModel->update(Array, Array)
#2 C:\xampp\htdocs\codeigniter_4\codeignitier\system\BaseModel.php(656): CodeIgniter\Model->update('4', Array)
#3 C:\xampp\htdocs\codeigniter_4\codeignitier\app\Controllers\StudentController.php(23): CodeIgniter\BaseModel->save(Array)
#4 C:\xampp\htdocs\codeigniter_4\codeignitier\system\CodeIgniter.php(824): App\Controllers\StudentController->store()
#5 C:\xampp\htdocs\codeigniter_4\codeignitier\system\CodeIgniter.php(410): CodeIgniter\CodeIgniter->runController(Object(App\Controllers\StudentController))
#6 C:\xampp\htdocs\codeigniter_4\codeignitier\system\CodeIgniter.php(318): CodeIgniter\CodeIgniter->handleRequest(NULL, Object(Config\Cache), false)
#7 C:\xampp\htdocs\codeigniter_4\codeignitier\public\index.php(37): CodeIgniter\CodeIgniter->run()
#8 C:\xampp\htdocs\codeigniter_4\codeignitier\system\Commands\Server\rewrite.php(43): require_once('C:\\xampp\\htdocs...')
#9 {main}
CRITICAL - 2021-12-21 02:13:49 --> There is no data to insert.
#0 C:\xampp\htdocs\codeigniter_4\codeignitier\system\BaseModel.php(718): CodeIgniter\Database\Exceptions\DataException::forEmptyDataset('insert')
#1 C:\xampp\htdocs\codeigniter_4\codeignitier\system\Model.php(620): CodeIgniter\BaseModel->insert(Array, false)
#2 C:\xampp\htdocs\codeigniter_4\codeignitier\system\BaseModel.php(658): CodeIgniter\Model->insert(Array, false)
#3 C:\xampp\htdocs\codeigniter_4\codeignitier\app\Controllers\StudentController.php(23): CodeIgniter\BaseModel->save(Array)
#4 C:\xampp\htdocs\codeigniter_4\codeignitier\system\CodeIgniter.php(824): App\Controllers\StudentController->store()
#5 C:\xampp\htdocs\codeigniter_4\codeignitier\system\CodeIgniter.php(410): CodeIgniter\CodeIgniter->runController(Object(App\Controllers\StudentController))
#6 C:\xampp\htdocs\codeigniter_4\codeignitier\system\CodeIgniter.php(318): CodeIgniter\CodeIgniter->handleRequest(NULL, Object(Config\Cache), false)
#7 C:\xampp\htdocs\codeigniter_4\codeignitier\public\index.php(37): CodeIgniter\CodeIgniter->run()
#8 C:\xampp\htdocs\codeigniter_4\codeignitier\system\Commands\Server\rewrite.php(43): require_once('C:\\xampp\\htdocs...')
#9 {main}
CRITICAL - 2021-12-21 02:34:15 --> Cannot use object of type App\Models\User as array
#0 C:\xampp\htdocs\codeigniter_4\codeignitier\system\View\View.php(214): include()
#1 C:\xampp\htdocs\codeigniter_4\codeignitier\system\View\View.php(217): CodeIgniter\View\View->CodeIgniter\View\{closure}()
#2 C:\xampp\htdocs\codeigniter_4\codeignitier\system\Common.php(1097): CodeIgniter\View\View->render('students/index....', Array, true)
#3 C:\xampp\htdocs\codeigniter_4\codeignitier\app\Controllers\StudentController.php(11): view('students/index....', Array)
#4 C:\xampp\htdocs\codeigniter_4\codeignitier\system\CodeIgniter.php(824): App\Controllers\StudentController->index()
#5 C:\xampp\htdocs\codeigniter_4\codeignitier\system\CodeIgniter.php(410): CodeIgniter\CodeIgniter->runController(Object(App\Controllers\StudentController))
#6 C:\xampp\htdocs\codeigniter_4\codeignitier\system\CodeIgniter.php(318): CodeIgniter\CodeIgniter->handleRequest(NULL, Object(Config\Cache), false)
#7 C:\xampp\htdocs\codeigniter_4\codeignitier\public\index.php(37): CodeIgniter\CodeIgniter->run()
#8 C:\xampp\htdocs\codeigniter_4\codeignitier\system\Commands\Server\rewrite.php(43): require_once('C:\\xampp\\htdocs...')
#9 {main}
ERROR - 2021-12-21 03:05:15 --> You have an error in your SQL syntax; check the manual that corresponds to your MariaDB server version for the right syntax to use near ' `Course`) VALUES ('Estella Lueilwitz', 'isaiah.roob@yahoo.com', 'eum', 'non')' at line 1
CRITICAL - 2021-12-21 03:05:15 --> You have an error in your SQL syntax; check the manual that corresponds to your MariaDB server version for the right syntax to use near ' `Course`) VALUES ('Estella Lueilwitz', 'isaiah.roob@yahoo.com', 'eum', 'non')' at line 1
#0 C:\xampp\htdocs\codeigniter_4\codeignitier\system\Database\MySQLi\Connection.php(292): mysqli->query('INSERT INTO `st...', 0)
#1 C:\xampp\htdocs\codeigniter_4\codeignitier\system\Database\BaseConnection.php(670): CodeIgniter\Database\MySQLi\Connection->execute('INSERT INTO `st...')
#2 C:\xampp\htdocs\codeigniter_4\codeignitier\system\Database\BaseConnection.php(598): CodeIgniter\Database\BaseConnection->simpleQuery('INSERT INTO `st...')
#3 C:\xampp\htdocs\codeigniter_4\codeignitier\system\Database\BaseBuilder.php(1759): CodeIgniter\Database\BaseConnection->query('INSERT INTO `st...', Array, false)
#4 C:\xampp\htdocs\codeigniter_4\codeignitier\system\Model.php(239): CodeIgniter\Database\BaseBuilder->insert()
#5 C:\xampp\htdocs\codeigniter_4\codeignitier\system\BaseModel.php(738): CodeIgniter\Model->doInsert(Array)
#6 C:\xampp\htdocs\codeigniter_4\codeignitier\system\Model.php(620): CodeIgniter\BaseModel->insert(Array, true)
#7 C:\xampp\htdocs\codeigniter_4\codeignitier\system\Test\Fabricator.php(469): CodeIgniter\Model->insert(Array, true)
#8 C:\xampp\htdocs\codeigniter_4\codeignitier\system\Helpers\test_helper.php(38): CodeIgniter\Test\Fabricator->create()
#9 C:\xampp\htdocs\codeigniter_4\codeignitier\app\Controllers\StudentController.php(26): fake('App\\Models\\Stud...')
#10 C:\xampp\htdocs\codeigniter_4\codeignitier\system\CodeIgniter.php(824): App\Controllers\StudentController->store()
#11 C:\xampp\htdocs\codeigniter_4\codeignitier\system\CodeIgniter.php(410): CodeIgniter\CodeIgniter->runController(Object(App\Controllers\StudentController))
#12 C:\xampp\htdocs\codeigniter_4\codeignitier\system\CodeIgniter.php(318): CodeIgniter\CodeIgniter->handleRequest(NULL, Object(Config\Cache), false)
#13 C:\xampp\htdocs\codeigniter_4\codeignitier\public\index.php(37): CodeIgniter\CodeIgniter->run()
#14 C:\xampp\htdocs\codeigniter_4\codeignitier\system\Commands\Server\rewrite.php(43): require_once('C:\\xampp\\htdocs...')
#15 {main}
ERROR - 2021-12-21 03:05:35 --> You have an error in your SQL syntax; check the manual that corresponds to your MariaDB server version for the right syntax to use near ' `Course`) VALUES ('Karelle Walsh', 'metz.jaida@bailey.net', 'nostrum', 'volu...' at line 1
CRITICAL - 2021-12-21 03:05:35 --> You have an error in your SQL syntax; check the manual that corresponds to your MariaDB server version for the right syntax to use near ' `Course`) VALUES ('Karelle Walsh', 'metz.jaida@bailey.net', 'nostrum', 'volu...' at line 1
#0 C:\xampp\htdocs\codeigniter_4\codeignitier\system\Database\MySQLi\Connection.php(292): mysqli->query('INSERT INTO `st...', 0)
#1 C:\xampp\htdocs\codeigniter_4\codeignitier\system\Database\BaseConnection.php(670): CodeIgniter\Database\MySQLi\Connection->execute('INSERT INTO `st...')
#2 C:\xampp\htdocs\codeigniter_4\codeignitier\system\Database\BaseConnection.php(598): CodeIgniter\Database\BaseConnection->simpleQuery('INSERT INTO `st...')
#3 C:\xampp\htdocs\codeigniter_4\codeignitier\system\Database\BaseBuilder.php(1759): CodeIgniter\Database\BaseConnection->query('INSERT INTO `st...', Array, false)
#4 C:\xampp\htdocs\codeigniter_4\codeignitier\system\Model.php(239): CodeIgniter\Database\BaseBuilder->insert()
#5 C:\xampp\htdocs\codeigniter_4\codeignitier\system\BaseModel.php(738): CodeIgniter\Model->doInsert(Array)
#6 C:\xampp\htdocs\codeigniter_4\codeignitier\system\Model.php(620): CodeIgniter\BaseModel->insert(Array, true)
#7 C:\xampp\htdocs\codeigniter_4\codeignitier\system\Test\Fabricator.php(469): CodeIgniter\Model->insert(Array, true)
#8 C:\xampp\htdocs\codeigniter_4\codeignitier\system\Helpers\test_helper.php(38): CodeIgniter\Test\Fabricator->create()
#9 C:\xampp\htdocs\codeigniter_4\codeignitier\app\Controllers\StudentController.php(26): fake('App\\Models\\Stud...')
#10 C:\xampp\htdocs\codeigniter_4\codeignitier\system\CodeIgniter.php(824): App\Controllers\StudentController->store()
#11 C:\xampp\htdocs\codeigniter_4\codeignitier\system\CodeIgniter.php(410): CodeIgniter\CodeIgniter->runController(Object(App\Controllers\StudentController))
#12 C:\xampp\htdocs\codeigniter_4\codeignitier\system\CodeIgniter.php(318): CodeIgniter\CodeIgniter->handleRequest(NULL, Object(Config\Cache), false)
#13 C:\xampp\htdocs\codeigniter_4\codeignitier\public\index.php(37): CodeIgniter\CodeIgniter->run()
#14 C:\xampp\htdocs\codeigniter_4\codeignitier\system\Commands\Server\rewrite.php(43): require_once('C:\\xampp\\htdocs...')
#15 {main}
ERROR - 2021-12-21 03:09:26 --> You have an error in your SQL syntax; check the manual that corresponds to your MariaDB server version for the right syntax to use near ' `Course`) VALUES ('Bunty Tarafdar', 'come2suku@gmail.com', '9999999999', 'BCA')' at line 1
CRITICAL - 2021-12-21 03:09:26 --> You have an error in your SQL syntax; check the manual that corresponds to your MariaDB server version for the right syntax to use near ' `Course`) VALUES ('Bunty Tarafdar', 'come2suku@gmail.com', '9999999999', 'BCA')' at line 1
#0 C:\xampp\htdocs\codeigniter_4\codeignitier\system\Database\MySQLi\Connection.php(292): mysqli->query('INSERT INTO `st...', 0)
#1 C:\xampp\htdocs\codeigniter_4\codeignitier\system\Database\BaseConnection.php(670): CodeIgniter\Database\MySQLi\Connection->execute('INSERT INTO `st...')
#2 C:\xampp\htdocs\codeigniter_4\codeignitier\system\Database\BaseConnection.php(598): CodeIgniter\Database\BaseConnection->simpleQuery('INSERT INTO `st...')
#3 C:\xampp\htdocs\codeigniter_4\codeignitier\system\Database\BaseBuilder.php(1759): CodeIgniter\Database\BaseConnection->query('INSERT INTO `st...', Array, false)
#4 C:\xampp\htdocs\codeigniter_4\codeignitier\system\Model.php(239): CodeIgniter\Database\BaseBuilder->insert()
#5 C:\xampp\htdocs\codeigniter_4\codeignitier\system\BaseModel.php(738): CodeIgniter\Model->doInsert(Array)
#6 C:\xampp\htdocs\codeigniter_4\codeignitier\system\Model.php(620): CodeIgniter\BaseModel->insert(Array, false)
#7 C:\xampp\htdocs\codeigniter_4\codeignitier\system\BaseModel.php(658): CodeIgniter\Model->insert(Array, false)
#8 C:\xampp\htdocs\codeigniter_4\codeignitier\app\Controllers\StudentController.php(51): CodeIgniter\BaseModel->save(Array)
#9 C:\xampp\htdocs\codeigniter_4\codeignitier\system\CodeIgniter.php(824): App\Controllers\StudentController->store()
#10 C:\xampp\htdocs\codeigniter_4\codeignitier\system\CodeIgniter.php(410): CodeIgniter\CodeIgniter->runController(Object(App\Controllers\StudentController))
#11 C:\xampp\htdocs\codeigniter_4\codeignitier\system\CodeIgniter.php(318): CodeIgniter\CodeIgniter->handleRequest(NULL, Object(Config\Cache), false)
#12 C:\xampp\htdocs\codeigniter_4\codeignitier\public\index.php(37): CodeIgniter\CodeIgniter->run()
#13 C:\xampp\htdocs\codeigniter_4\codeignitier\system\Commands\Server\rewrite.php(43): require_once('C:\\xampp\\htdocs...')
#14 {main}
ERROR - 2021-12-21 03:10:08 --> You have an error in your SQL syntax; check the manual that corresponds to your MariaDB server version for the right syntax to use near ' `Course`) VALUES ('Bunty Tarafdar', 'come2suku@gmail.com', '9999999999', 'BCA')' at line 1
CRITICAL - 2021-12-21 03:10:08 --> You have an error in your SQL syntax; check the manual that corresponds to your MariaDB server version for the right syntax to use near ' `Course`) VALUES ('Bunty Tarafdar', 'come2suku@gmail.com', '9999999999', 'BCA')' at line 1
#0 C:\xampp\htdocs\codeigniter_4\codeignitier\system\Database\MySQLi\Connection.php(292): mysqli->query('INSERT INTO `st...', 0)
#1 C:\xampp\htdocs\codeigniter_4\codeignitier\system\Database\BaseConnection.php(670): CodeIgniter\Database\MySQLi\Connection->execute('INSERT INTO `st...')
#2 C:\xampp\htdocs\codeigniter_4\codeignitier\system\Database\BaseConnection.php(598): CodeIgniter\Database\BaseConnection->simpleQuery('INSERT INTO `st...')
#3 C:\xampp\htdocs\codeigniter_4\codeignitier\system\Database\BaseBuilder.php(1759): CodeIgniter\Database\BaseConnection->query('INSERT INTO `st...', Array, false)
#4 C:\xampp\htdocs\codeigniter_4\codeignitier\system\Model.php(239): CodeIgniter\Database\BaseBuilder->insert()
#5 C:\xampp\htdocs\codeigniter_4\codeignitier\system\BaseModel.php(738): CodeIgniter\Model->doInsert(Array)
#6 C:\xampp\htdocs\codeigniter_4\codeignitier\system\Model.php(620): CodeIgniter\BaseModel->insert(Array, true)
#7 C:\xampp\htdocs\codeigniter_4\codeignitier\app\Controllers\StudentController.php(51): CodeIgniter\Model->insert(Array)
#8 C:\xampp\htdocs\codeigniter_4\codeignitier\system\CodeIgniter.php(824): App\Controllers\StudentController->store()
#9 C:\xampp\htdocs\codeigniter_4\codeignitier\system\CodeIgniter.php(410): CodeIgniter\CodeIgniter->runController(Object(App\Controllers\StudentController))
#10 C:\xampp\htdocs\codeigniter_4\codeignitier\system\CodeIgniter.php(318): CodeIgniter\CodeIgniter->handleRequest(NULL, Object(Config\Cache), false)
#11 C:\xampp\htdocs\codeigniter_4\codeignitier\public\index.php(37): CodeIgniter\CodeIgniter->run()
#12 C:\xampp\htdocs\codeigniter_4\codeignitier\system\Commands\Server\rewrite.php(43): require_once('C:\\xampp\\htdocs...')
#13 {main}
ERROR - 2021-12-21 03:19:15 --> You have an error in your SQL syntax; check the manual that corresponds to your MariaDB server version for the right syntax to use near ' `Course`) VALUES ('Bunty Tarafdar', 'come2suku@gmail.com', '9999999999', 'BCA')' at line 1
CRITICAL - 2021-12-21 03:19:15 --> You have an error in your SQL syntax; check the manual that corresponds to your MariaDB server version for the right syntax to use near ' `Course`) VALUES ('Bunty Tarafdar', 'come2suku@gmail.com', '9999999999', 'BCA')' at line 1
#0 C:\xampp\htdocs\codeigniter_4\codeignitier\system\Database\MySQLi\Connection.php(292): mysqli->query('INSERT INTO `st...', 0)
#1 C:\xampp\htdocs\codeigniter_4\codeignitier\system\Database\BaseConnection.php(670): CodeIgniter\Database\MySQLi\Connection->execute('INSERT INTO `st...')
#2 C:\xampp\htdocs\codeigniter_4\codeignitier\system\Database\BaseConnection.php(598): CodeIgniter\Database\BaseConnection->simpleQuery('INSERT INTO `st...')
#3 C:\xampp\htdocs\codeigniter_4\codeignitier\system\Database\BaseBuilder.php(1759): CodeIgniter\Database\BaseConnection->query('INSERT INTO `st...', Array, false)
#4 C:\xampp\htdocs\codeigniter_4\codeignitier\system\Model.php(239): CodeIgniter\Database\BaseBuilder->insert()
#5 C:\xampp\htdocs\codeigniter_4\codeignitier\system\BaseModel.php(738): CodeIgniter\Model->doInsert(Array)
#6 C:\xampp\htdocs\codeigniter_4\codeignitier\system\Model.php(620): CodeIgniter\BaseModel->insert(Array, true)
#7 C:\xampp\htdocs\codeigniter_4\codeignitier\app\Controllers\StudentController.php(51): CodeIgniter\Model->insert(Array)
#8 C:\xampp\htdocs\codeigniter_4\codeignitier\system\CodeIgniter.php(824): App\Controllers\StudentController->store()
#9 C:\xampp\htdocs\codeigniter_4\codeignitier\system\CodeIgniter.php(410): CodeIgniter\CodeIgniter->runController(Object(App\Controllers\StudentController))
#10 C:\xampp\htdocs\codeigniter_4\codeignitier\system\CodeIgniter.php(318): CodeIgniter\CodeIgniter->handleRequest(NULL, Object(Config\Cache), false)
#11 C:\xampp\htdocs\codeigniter_4\codeignitier\public\index.php(37): CodeIgniter\CodeIgniter->run()
#12 C:\xampp\htdocs\codeigniter_4\codeignitier\system\Commands\Server\rewrite.php(43): require_once('C:\\xampp\\htdocs...')
#13 {main}
CRITICAL - 2021-12-21 03:20:23 --> Undefined variable $students
#0 C:\xampp\htdocs\codeigniter_4\codeignitier\app\Views\students\index.php(30): CodeIgniter\Debug\Exceptions->errorHandler(2, 'Undefined varia...', 'C:\\xampp\\htdocs...', 30)
#1 C:\xampp\htdocs\codeigniter_4\codeignitier\system\View\View.php(214): include('C:\\xampp\\htdocs...')
#2 C:\xampp\htdocs\codeigniter_4\codeignitier\system\View\View.php(217): CodeIgniter\View\View->CodeIgniter\View\{closure}()
#3 C:\xampp\htdocs\codeigniter_4\codeignitier\system\Common.php(1097): CodeIgniter\View\View->render('students/index....', Array, true)
#4 C:\xampp\htdocs\codeigniter_4\codeignitier\app\Controllers\StudentController.php(11): view('students/index....', Array)
#5 C:\xampp\htdocs\codeigniter_4\codeignitier\system\CodeIgniter.php(824): App\Controllers\StudentController->index()
#6 C:\xampp\htdocs\codeigniter_4\codeignitier\system\CodeIgniter.php(410): CodeIgniter\CodeIgniter->runController(Object(App\Controllers\StudentController))
#7 C:\xampp\htdocs\codeigniter_4\codeignitier\system\CodeIgniter.php(318): CodeIgniter\CodeIgniter->handleRequest(NULL, Object(Config\Cache), false)
#8 C:\xampp\htdocs\codeigniter_4\codeignitier\public\index.php(37): CodeIgniter\CodeIgniter->run()
#9 C:\xampp\htdocs\codeigniter_4\codeignitier\system\Commands\Server\rewrite.php(43): require_once('C:\\xampp\\htdocs...')
#10 {main}
ERROR - 2021-12-21 03:28:31 --> You have an error in your SQL syntax; check the manual that corresponds to your MariaDB server version for the right syntax to use near ' `Course`) VALUES ('Bunty Tarafdar', 'come2suku@gmail.com', '9999999999', 'BCA')' at line 1
CRITICAL - 2021-12-21 03:28:31 --> You have an error in your SQL syntax; check the manual that corresponds to your MariaDB server version for the right syntax to use near ' `Course`) VALUES ('Bunty Tarafdar', 'come2suku@gmail.com', '9999999999', 'BCA')' at line 1
#0 C:\xampp\htdocs\codeigniter_4\codeignitier\system\Database\MySQLi\Connection.php(292): mysqli->query('INSERT INTO `st...', 0)
#1 C:\xampp\htdocs\codeigniter_4\codeignitier\system\Database\BaseConnection.php(670): CodeIgniter\Database\MySQLi\Connection->execute('INSERT INTO `st...')
#2 C:\xampp\htdocs\codeigniter_4\codeignitier\system\Database\BaseConnection.php(598): CodeIgniter\Database\BaseConnection->simpleQuery('INSERT INTO `st...')
#3 C:\xampp\htdocs\codeigniter_4\codeignitier\system\Database\BaseBuilder.php(1759): CodeIgniter\Database\BaseConnection->query('INSERT INTO `st...', Array, false)
#4 C:\xampp\htdocs\codeigniter_4\codeignitier\system\Model.php(239): CodeIgniter\Database\BaseBuilder->insert()
#5 C:\xampp\htdocs\codeigniter_4\codeignitier\system\BaseModel.php(738): CodeIgniter\Model->doInsert(Array)
#6 C:\xampp\htdocs\codeigniter_4\codeignitier\system\Model.php(620): CodeIgniter\BaseModel->insert(Array, true)
#7 C:\xampp\htdocs\codeigniter_4\codeignitier\app\Controllers\StudentController.php(51): CodeIgniter\Model->insert(Array)
#8 C:\xampp\htdocs\codeigniter_4\codeignitier\system\CodeIgniter.php(824): App\Controllers\StudentController->store()
#9 C:\xampp\htdocs\codeigniter_4\codeignitier\system\CodeIgniter.php(410): CodeIgniter\CodeIgniter->runController(Object(App\Controllers\StudentController))
#10 C:\xampp\htdocs\codeigniter_4\codeignitier\system\CodeIgniter.php(318): CodeIgniter\CodeIgniter->handleRequest(NULL, Object(Config\Cache), false)
#11 C:\xampp\htdocs\codeigniter_4\codeignitier\public\index.php(37): CodeIgniter\CodeIgniter->run()
#12 C:\xampp\htdocs\codeigniter_4\codeignitier\system\Commands\Server\rewrite.php(43): require_once('C:\\xampp\\htdocs...')
#13 {main}
CRITICAL - 2021-12-21 03:38:17 --> Undefined variable $name
#0 C:\xampp\htdocs\codeigniter_4\codeignitier\app\Views\students\trial.php(11): CodeIgniter\Debug\Exceptions->errorHandler(2, 'Undefined varia...', 'C:\\xampp\\htdocs...', 11)
#1 C:\xampp\htdocs\codeigniter_4\codeignitier\system\View\View.php(214): include('C:\\xampp\\htdocs...')
#2 C:\xampp\htdocs\codeigniter_4\codeignitier\system\View\View.php(217): CodeIgniter\View\View->CodeIgniter\View\{closure}()
#3 C:\xampp\htdocs\codeigniter_4\codeignitier\system\Common.php(1097): CodeIgniter\View\View->render('students/trial....', Array, true)
#4 C:\xampp\htdocs\codeigniter_4\codeignitier\app\Controllers\StudentController.php(56): view('students/trial....', Array)
#5 C:\xampp\htdocs\codeigniter_4\codeignitier\system\CodeIgniter.php(824): App\Controllers\StudentController->store()
#6 C:\xampp\htdocs\codeigniter_4\codeignitier\system\CodeIgniter.php(410): CodeIgniter\CodeIgniter->runController(Object(App\Controllers\StudentController))
#7 C:\xampp\htdocs\codeigniter_4\codeignitier\system\CodeIgniter.php(318): CodeIgniter\CodeIgniter->handleRequest(NULL, Object(Config\Cache), false)
#8 C:\xampp\htdocs\codeigniter_4\codeignitier\public\index.php(37): CodeIgniter\CodeIgniter->run()
#9 C:\xampp\htdocs\codeigniter_4\codeignitier\system\Commands\Server\rewrite.php(43): require_once('C:\\xampp\\htdocs...')
#10 {main}
CRITICAL - 2021-12-21 03:40:53 --> Undefined constant "App\Controllers\nokia"
#0 C:\xampp\htdocs\codeigniter_4\codeignitier\system\CodeIgniter.php(824): App\Controllers\StudentController->store()
#1 C:\xampp\htdocs\codeigniter_4\codeignitier\system\CodeIgniter.php(410): CodeIgniter\CodeIgniter->runController(Object(App\Controllers\StudentController))
#2 C:\xampp\htdocs\codeigniter_4\codeignitier\system\CodeIgniter.php(318): CodeIgniter\CodeIgniter->handleRequest(NULL, Object(Config\Cache), false)
#3 C:\xampp\htdocs\codeigniter_4\codeignitier\public\index.php(37): CodeIgniter\CodeIgniter->run()
#4 C:\xampp\htdocs\codeigniter_4\codeignitier\system\Commands\Server\rewrite.php(43): require_once('C:\\xampp\\htdocs...')
#5 {main}
CRITICAL - 2021-12-21 03:42:35 --> foreach() argument must be of type array|object, string given
#0 C:\xampp\htdocs\codeigniter_4\codeignitier\app\Views\students\trial.php(12): CodeIgniter\Debug\Exceptions->errorHandler(2, 'foreach() argum...', 'C:\\xampp\\htdocs...', 12)
#1 C:\xampp\htdocs\codeigniter_4\codeignitier\system\View\View.php(214): include('C:\\xampp\\htdocs...')
#2 C:\xampp\htdocs\codeigniter_4\codeignitier\system\View\View.php(217): CodeIgniter\View\View->CodeIgniter\View\{closure}()
#3 C:\xampp\htdocs\codeigniter_4\codeignitier\system\Common.php(1097): CodeIgniter\View\View->render('students/trial....', Array, true)
#4 C:\xampp\htdocs\codeigniter_4\codeignitier\app\Controllers\StudentController.php(57): view('students/trial....', Array)
#5 C:\xampp\htdocs\codeigniter_4\codeignitier\system\CodeIgniter.php(824): App\Controllers\StudentController->store()
#6 C:\xampp\htdocs\codeigniter_4\codeignitier\system\CodeIgniter.php(410): CodeIgniter\CodeIgniter->runController(Object(App\Controllers\StudentController))
#7 C:\xampp\htdocs\codeigniter_4\codeignitier\system\CodeIgniter.php(318): CodeIgniter\CodeIgniter->handleRequest(NULL, Object(Config\Cache), false)
#8 C:\xampp\htdocs\codeigniter_4\codeignitier\public\index.php(37): CodeIgniter\CodeIgniter->run()
#9 C:\xampp\htdocs\codeigniter_4\codeignitier\system\Commands\Server\rewrite.php(43): require_once('C:\\xampp\\htdocs...')
#10 {main}
CRITICAL - 2021-12-21 04:08:11 --> Class "App\Controllers\CI_Controller" not found
#0 C:\xampp\htdocs\codeigniter_4\codeignitier\system\Autoloader\Autoloader.php(264): include_once()
#1 C:\xampp\htdocs\codeigniter_4\codeignitier\system\Autoloader\Autoloader.php(241): CodeIgniter\Autoloader\Autoloader->includeFile('C:\\xampp\\htdocs...')
#2 C:\xampp\htdocs\codeigniter_4\codeignitier\system\Autoloader\Autoloader.php(219): CodeIgniter\Autoloader\Autoloader->loadInNamespace('App\\Controllers...')
#3 [internal function]: CodeIgniter\Autoloader\Autoloader->loadClass('App\\Controllers...')
#4 C:\xampp\htdocs\codeigniter_4\codeignitier\system\CodeIgniter.php(789): class_exists('\\App\\Controller...', true)
#5 C:\xampp\htdocs\codeigniter_4\codeignitier\system\CodeIgniter.php(397): CodeIgniter\CodeIgniter->startController()
#6 C:\xampp\htdocs\codeigniter_4\codeignitier\system\CodeIgniter.php(318): CodeIgniter\CodeIgniter->handleRequest(NULL, Object(Config\Cache), false)
#7 C:\xampp\htdocs\codeigniter_4\codeignitier\public\index.php(37): CodeIgniter\CodeIgniter->run()
#8 C:\xampp\htdocs\codeigniter_4\codeignitier\system\Commands\Server\rewrite.php(43): require_once('C:\\xampp\\htdocs...')
#9 {main}
CRITICAL - 2021-12-21 04:23:01 --> Undefined property: App\Controllers\StudentController::$input
#0 C:\xampp\htdocs\codeigniter_4\codeignitier\app\Controllers\StudentController.php(58): CodeIgniter\Debug\Exceptions->errorHandler(2, 'Undefined prope...', 'C:\\xampp\\htdocs...', 58)
#1 C:\xampp\htdocs\codeigniter_4\codeignitier\system\CodeIgniter.php(824): App\Controllers\StudentController->store()
#2 C:\xampp\htdocs\codeigniter_4\codeignitier\system\CodeIgniter.php(410): CodeIgniter\CodeIgniter->runController(Object(App\Controllers\StudentController))
#3 C:\xampp\htdocs\codeigniter_4\codeignitier\system\CodeIgniter.php(318): CodeIgniter\CodeIgniter->handleRequest(NULL, Object(Config\Cache), false)
#4 C:\xampp\htdocs\codeigniter_4\codeignitier\public\index.php(37): CodeIgniter\CodeIgniter->run()
#5 C:\xampp\htdocs\codeigniter_4\codeignitier\system\Commands\Server\rewrite.php(43): require_once('C:\\xampp\\htdocs...')
#6 {main}
CRITICAL - 2021-12-21 05:13:24 --> Undefined property: App\Controllers\StudentController::$StudentModel
#0 C:\xampp\htdocs\codeigniter_4\codeignitier\app\Controllers\StudentController.php(39): CodeIgniter\Debug\Exceptions->errorHandler(2, 'Undefined prope...', 'C:\\xampp\\htdocs...', 39)
#1 C:\xampp\htdocs\codeigniter_4\codeignitier\system\CodeIgniter.php(824): App\Controllers\StudentController->store()
#2 C:\xampp\htdocs\codeigniter_4\codeignitier\system\CodeIgniter.php(410): CodeIgniter\CodeIgniter->runController(Object(App\Controllers\StudentController))
#3 C:\xampp\htdocs\codeigniter_4\codeignitier\system\CodeIgniter.php(318): CodeIgniter\CodeIgniter->handleRequest(NULL, Object(Config\Cache), false)
#4 C:\xampp\htdocs\codeigniter_4\codeignitier\public\index.php(37): CodeIgniter\CodeIgniter->run()
#5 C:\xampp\htdocs\codeigniter_4\codeignitier\system\Commands\Server\rewrite.php(43): require_once('C:\\xampp\\htdocs...')
#6 {main}
CRITICAL - 2021-12-21 05:15:46 --> Undefined property: App\Controllers\StudentController::$insert_data
#0 C:\xampp\htdocs\codeigniter_4\codeignitier\app\Controllers\StudentController.php(39): CodeIgniter\Debug\Exceptions->errorHandler(2, 'Undefined prope...', 'C:\\xampp\\htdocs...', 39)
#1 C:\xampp\htdocs\codeigniter_4\codeignitier\system\CodeIgniter.php(824): App\Controllers\StudentController->store()
#2 C:\xampp\htdocs\codeigniter_4\codeignitier\system\CodeIgniter.php(410): CodeIgniter\CodeIgniter->runController(Object(App\Controllers\StudentController))
#3 C:\xampp\htdocs\codeigniter_4\codeignitier\system\CodeIgniter.php(318): CodeIgniter\CodeIgniter->handleRequest(NULL, Object(Config\Cache), false)
#4 C:\xampp\htdocs\codeigniter_4\codeignitier\public\index.php(37): CodeIgniter\CodeIgniter->run()
#5 C:\xampp\htdocs\codeigniter_4\codeignitier\system\Commands\Server\rewrite.php(43): require_once('C:\\xampp\\htdocs...')
#6 {main}
CRITICAL - 2021-12-21 05:24:02 --> Undefined property: App\Controllers\StudentController::$insert_data
#0 C:\xampp\htdocs\codeigniter_4\codeignitier\app\Controllers\StudentController.php(39): CodeIgniter\Debug\Exceptions->errorHandler(2, 'Undefined prope...', 'C:\\xampp\\htdocs...', 39)
#1 C:\xampp\htdocs\codeigniter_4\codeignitier\system\CodeIgniter.php(824): App\Controllers\StudentController->store()
#2 C:\xampp\htdocs\codeigniter_4\codeignitier\system\CodeIgniter.php(410): CodeIgniter\CodeIgniter->runController(Object(App\Controllers\StudentController))
#3 C:\xampp\htdocs\codeigniter_4\codeignitier\system\CodeIgniter.php(318): CodeIgniter\CodeIgniter->handleRequest(NULL, Object(Config\Cache), false)
#4 C:\xampp\htdocs\codeigniter_4\codeignitier\public\index.php(37): CodeIgniter\CodeIgniter->run()
#5 C:\xampp\htdocs\codeigniter_4\codeignitier\system\Commands\Server\rewrite.php(43): require_once('C:\\xampp\\htdocs...')
#6 {main}
CRITICAL - 2021-12-21 05:25:15 --> Undefined constant "App\Controllers\insert_data"
#0 C:\xampp\htdocs\codeigniter_4\codeignitier\system\CodeIgniter.php(824): App\Controllers\StudentController->store()
#1 C:\xampp\htdocs\codeigniter_4\codeignitier\system\CodeIgniter.php(410): CodeIgniter\CodeIgniter->runController(Object(App\Controllers\StudentController))
#2 C:\xampp\htdocs\codeigniter_4\codeignitier\system\CodeIgniter.php(318): CodeIgniter\CodeIgniter->handleRequest(NULL, Object(Config\Cache), false)
#3 C:\xampp\htdocs\codeigniter_4\codeignitier\public\index.php(37): CodeIgniter\CodeIgniter->run()
#4 C:\xampp\htdocs\codeigniter_4\codeignitier\system\Commands\Server\rewrite.php(43): require_once('C:\\xampp\\htdocs...')
#5 {main}
CRITICAL - 2021-12-21 05:27:23 --> Undefined constant "App\Controllers\Models"
#0 C:\xampp\htdocs\codeigniter_4\codeignitier\system\CodeIgniter.php(824): App\Controllers\StudentController->store()
#1 C:\xampp\htdocs\codeigniter_4\codeignitier\system\CodeIgniter.php(410): CodeIgniter\CodeIgniter->runController(Object(App\Controllers\StudentController))
#2 C:\xampp\htdocs\codeigniter_4\codeignitier\system\CodeIgniter.php(318): CodeIgniter\CodeIgniter->handleRequest(NULL, Object(Config\Cache), false)
#3 C:\xampp\htdocs\codeigniter_4\codeignitier\public\index.php(37): CodeIgniter\CodeIgniter->run()
#4 C:\xampp\htdocs\codeigniter_4\codeignitier\system\Commands\Server\rewrite.php(43): require_once('C:\\xampp\\htdocs...')
#5 {main}
CRITICAL - 2021-12-21 05:29:31 --> Undefined property: App\Controllers\StudentController::$insert_data
#0 C:\xampp\htdocs\codeigniter_4\codeignitier\app\Controllers\StudentController.php(39): CodeIgniter\Debug\Exceptions->errorHandler(2, 'Undefined prope...', 'C:\\xampp\\htdocs...', 39)
#1 C:\xampp\htdocs\codeigniter_4\codeignitier\system\CodeIgniter.php(824): App\Controllers\StudentController->store()
#2 C:\xampp\htdocs\codeigniter_4\codeignitier\system\CodeIgniter.php(410): CodeIgniter\CodeIgniter->runController(Object(App\Controllers\StudentController))
#3 C:\xampp\htdocs\codeigniter_4\codeignitier\system\CodeIgniter.php(318): CodeIgniter\CodeIgniter->handleRequest(NULL, Object(Config\Cache), false)
#4 C:\xampp\htdocs\codeigniter_4\codeignitier\public\index.php(37): CodeIgniter\CodeIgniter->run()
#5 C:\xampp\htdocs\codeigniter_4\codeignitier\system\Commands\Server\rewrite.php(43): require_once('C:\\xampp\\htdocs...')
#6 {main}
CRITICAL - 2021-12-21 05:31:28 --> Undefined property: App\Controllers\StudentController::$load
#0 C:\xampp\htdocs\codeigniter_4\codeignitier\app\Controllers\StudentController.php(38): CodeIgniter\Debug\Exceptions->errorHandler(2, 'Undefined prope...', 'C:\\xampp\\htdocs...', 38)
#1 C:\xampp\htdocs\codeigniter_4\codeignitier\system\CodeIgniter.php(824): App\Controllers\StudentController->store()
#2 C:\xampp\htdocs\codeigniter_4\codeignitier\system\CodeIgniter.php(410): CodeIgniter\CodeIgniter->runController(Object(App\Controllers\StudentController))
#3 C:\xampp\htdocs\codeigniter_4\codeignitier\system\CodeIgniter.php(318): CodeIgniter\CodeIgniter->handleRequest(NULL, Object(Config\Cache), false)
#4 C:\xampp\htdocs\codeigniter_4\codeignitier\public\index.php(37): CodeIgniter\CodeIgniter->run()
#5 C:\xampp\htdocs\codeigniter_4\codeignitier\system\Commands\Server\rewrite.php(43): require_once('C:\\xampp\\htdocs...')
#6 {main}
CRITICAL - 2021-12-21 05:42:05 --> Undefined property: App\Controllers\StudentController::$load
#0 C:\xampp\htdocs\codeigniter_4\codeignitier\app\Controllers\StudentController.php(38): CodeIgniter\Debug\Exceptions->errorHandler(2, 'Undefined prope...', 'C:\\xampp\\htdocs...', 38)
#1 C:\xampp\htdocs\codeigniter_4\codeignitier\system\CodeIgniter.php(824): App\Controllers\StudentController->store()
#2 C:\xampp\htdocs\codeigniter_4\codeignitier\system\CodeIgniter.php(410): CodeIgniter\CodeIgniter->runController(Object(App\Controllers\StudentController))
#3 C:\xampp\htdocs\codeigniter_4\codeignitier\system\CodeIgniter.php(318): CodeIgniter\CodeIgniter->handleRequest(NULL, Object(Config\Cache), false)
#4 C:\xampp\htdocs\codeigniter_4\codeignitier\public\index.php(37): CodeIgniter\CodeIgniter->run()
#5 C:\xampp\htdocs\codeigniter_4\codeignitier\system\Commands\Server\rewrite.php(43): require_once('C:\\xampp\\htdocs...')
#6 {main}
