CRITICAL - 2021-12-14 02:27:28 --> syntax error, unexpected variable "$prod_name", expecting "," or ";"
#0 C:\xampp\htdocs\codeigniter_4\codeignitier\system\Autoloader\Autoloader.php(241): CodeIgniter\Autoloader\Autoloader->includeFile('C:\\xampp\\htdocs...')
#1 C:\xampp\htdocs\codeigniter_4\codeignitier\system\Autoloader\Autoloader.php(219): CodeIgniter\Autoloader\Autoloader->loadInNamespace('App\\Controllers...')
#2 [internal function]: CodeIgniter\Autoloader\Autoloader->loadClass('App\\Controllers...')
#3 C:\xampp\htdocs\codeigniter_4\codeignitier\system\CodeIgniter.php(789): class_exists('\\App\\Controller...', true)
#4 C:\xampp\htdocs\codeigniter_4\codeignitier\system\CodeIgniter.php(397): CodeIgniter\CodeIgniter->startController()
#5 C:\xampp\htdocs\codeigniter_4\codeignitier\system\CodeIgniter.php(318): CodeIgniter\CodeIgniter->handleRequest(NULL, Object(Config\Cache), false)
#6 C:\xampp\htdocs\codeigniter_4\codeignitier\public\index.php(37): CodeIgniter\CodeIgniter->run()
#7 C:\xampp\htdocs\codeigniter_4\codeignitier\system\Commands\Server\rewrite.php(43): require_once('C:\\xampp\\htdocs...')
#8 {main}
CRITICAL - 2021-12-14 02:27:35 --> syntax error, unexpected variable "$prod_name", expecting "," or ";"
#0 C:\xampp\htdocs\codeigniter_4\codeignitier\system\Autoloader\Autoloader.php(241): CodeIgniter\Autoloader\Autoloader->includeFile('C:\\xampp\\htdocs...')
#1 C:\xampp\htdocs\codeigniter_4\codeignitier\system\Autoloader\Autoloader.php(219): CodeIgniter\Autoloader\Autoloader->loadInNamespace('App\\Controllers...')
#2 [internal function]: CodeIgniter\Autoloader\Autoloader->loadClass('App\\Controllers...')
#3 C:\xampp\htdocs\codeigniter_4\codeignitier\system\CodeIgniter.php(789): class_exists('\\App\\Controller...', true)
#4 C:\xampp\htdocs\codeigniter_4\codeignitier\system\CodeIgniter.php(397): CodeIgniter\CodeIgniter->startController()
#5 C:\xampp\htdocs\codeigniter_4\codeignitier\system\CodeIgniter.php(318): CodeIgniter\CodeIgniter->handleRequest(NULL, Object(Config\Cache), false)
#6 C:\xampp\htdocs\codeigniter_4\codeignitier\public\index.php(37): CodeIgniter\CodeIgniter->run()
#7 C:\xampp\htdocs\codeigniter_4\codeignitier\system\Commands\Server\rewrite.php(43): require_once('C:\\xampp\\htdocs...')
#8 {main}
CRITICAL - 2021-12-14 03:20:40 --> Too few arguments to function App\Controllers\ProductController::user_profile(), 0 passed in C:\xampp\htdocs\codeigniter_4\codeignitier\system\CodeIgniter.php on line 824 and exactly 1 expected
#0 C:\xampp\htdocs\codeigniter_4\codeignitier\system\CodeIgniter.php(824): App\Controllers\ProductController->user_profile()
#1 C:\xampp\htdocs\codeigniter_4\codeignitier\system\CodeIgniter.php(410): CodeIgniter\CodeIgniter->runController(Object(App\Controllers\ProductController))
#2 C:\xampp\htdocs\codeigniter_4\codeignitier\system\CodeIgniter.php(318): CodeIgniter\CodeIgniter->handleRequest(NULL, Object(Config\Cache), false)
#3 C:\xampp\htdocs\codeigniter_4\codeignitier\public\index.php(37): CodeIgniter\CodeIgniter->run()
#4 C:\xampp\htdocs\codeigniter_4\codeignitier\system\Commands\Server\rewrite.php(43): require_once('C:\\xampp\\htdocs...')
#5 {main}
CRITICAL - 2021-12-14 03:23:25 --> Too few arguments to function App\Controllers\ProductController::user_profile(), 0 passed in C:\xampp\htdocs\codeigniter_4\codeignitier\system\CodeIgniter.php on line 824 and exactly 1 expected
#0 C:\xampp\htdocs\codeigniter_4\codeignitier\system\CodeIgniter.php(824): App\Controllers\ProductController->user_profile()
#1 C:\xampp\htdocs\codeigniter_4\codeignitier\system\CodeIgniter.php(410): CodeIgniter\CodeIgniter->runController(Object(App\Controllers\ProductController))
#2 C:\xampp\htdocs\codeigniter_4\codeignitier\system\CodeIgniter.php(318): CodeIgniter\CodeIgniter->handleRequest(NULL, Object(Config\Cache), false)
#3 C:\xampp\htdocs\codeigniter_4\codeignitier\public\index.php(37): CodeIgniter\CodeIgniter->run()
#4 C:\xampp\htdocs\codeigniter_4\codeignitier\system\Commands\Server\rewrite.php(43): require_once('C:\\xampp\\htdocs...')
#5 {main}
CRITICAL - 2021-12-14 03:23:26 --> Too few arguments to function App\Controllers\ProductController::user_profile(), 0 passed in C:\xampp\htdocs\codeigniter_4\codeignitier\system\CodeIgniter.php on line 824 and exactly 1 expected
#0 C:\xampp\htdocs\codeigniter_4\codeignitier\system\CodeIgniter.php(824): App\Controllers\ProductController->user_profile()
#1 C:\xampp\htdocs\codeigniter_4\codeignitier\system\CodeIgniter.php(410): CodeIgniter\CodeIgniter->runController(Object(App\Controllers\ProductController))
#2 C:\xampp\htdocs\codeigniter_4\codeignitier\system\CodeIgniter.php(318): CodeIgniter\CodeIgniter->handleRequest(NULL, Object(Config\Cache), false)
#3 C:\xampp\htdocs\codeigniter_4\codeignitier\public\index.php(37): CodeIgniter\CodeIgniter->run()
#4 C:\xampp\htdocs\codeigniter_4\codeignitier\system\Commands\Server\rewrite.php(43): require_once('C:\\xampp\\htdocs...')
#5 {main}
CRITICAL - 2021-12-14 04:29:31 --> Undefined variable $data
#0 C:\xampp\htdocs\codeigniter_4\codeignitier\app\Controllers\ProductController.php(19): CodeIgniter\Debug\Exceptions->errorHandler(2, 'Undefined varia...', 'C:\\xampp\\htdocs...', 19)
#1 C:\xampp\htdocs\codeigniter_4\codeignitier\system\CodeIgniter.php(824): App\Controllers\ProductController->find('Samsung')
#2 C:\xampp\htdocs\codeigniter_4\codeignitier\system\CodeIgniter.php(410): CodeIgniter\CodeIgniter->runController(Object(App\Controllers\ProductController))
#3 C:\xampp\htdocs\codeigniter_4\codeignitier\system\CodeIgniter.php(318): CodeIgniter\CodeIgniter->handleRequest(NULL, Object(Config\Cache), false)
#4 C:\xampp\htdocs\codeigniter_4\codeignitier\public\index.php(37): CodeIgniter\CodeIgniter->run()
#5 C:\xampp\htdocs\codeigniter_4\codeignitier\system\Commands\Server\rewrite.php(43): require_once('C:\\xampp\\htdocs...')
#6 {main}
CRITICAL - 2021-12-14 04:29:32 --> Undefined variable $data
#0 C:\xampp\htdocs\codeigniter_4\codeignitier\app\Controllers\ProductController.php(19): CodeIgniter\Debug\Exceptions->errorHandler(2, 'Undefined varia...', 'C:\\xampp\\htdocs...', 19)
#1 C:\xampp\htdocs\codeigniter_4\codeignitier\system\CodeIgniter.php(824): App\Controllers\ProductController->find('Samsung')
#2 C:\xampp\htdocs\codeigniter_4\codeignitier\system\CodeIgniter.php(410): CodeIgniter\CodeIgniter->runController(Object(App\Controllers\ProductController))
#3 C:\xampp\htdocs\codeigniter_4\codeignitier\system\CodeIgniter.php(318): CodeIgniter\CodeIgniter->handleRequest(NULL, Object(Config\Cache), false)
#4 C:\xampp\htdocs\codeigniter_4\codeignitier\public\index.php(37): CodeIgniter\CodeIgniter->run()
#5 C:\xampp\htdocs\codeigniter_4\codeignitier\system\Commands\Server\rewrite.php(43): require_once('C:\\xampp\\htdocs...')
#6 {main}
CRITICAL - 2021-12-14 04:30:31 --> Undefined variable $data
#0 C:\xampp\htdocs\codeigniter_4\codeignitier\app\Controllers\ProductController.php(19): CodeIgniter\Debug\Exceptions->errorHandler(2, 'Undefined varia...', 'C:\\xampp\\htdocs...', 19)
#1 C:\xampp\htdocs\codeigniter_4\codeignitier\system\CodeIgniter.php(824): App\Controllers\ProductController->find('Samsung')
#2 C:\xampp\htdocs\codeigniter_4\codeignitier\system\CodeIgniter.php(410): CodeIgniter\CodeIgniter->runController(Object(App\Controllers\ProductController))
#3 C:\xampp\htdocs\codeigniter_4\codeignitier\system\CodeIgniter.php(318): CodeIgniter\CodeIgniter->handleRequest(NULL, Object(Config\Cache), false)
#4 C:\xampp\htdocs\codeigniter_4\codeignitier\public\index.php(37): CodeIgniter\CodeIgniter->run()
#5 C:\xampp\htdocs\codeigniter_4\codeignitier\system\Commands\Server\rewrite.php(43): require_once('C:\\xampp\\htdocs...')
#6 {main}
CRITICAL - 2021-12-14 04:32:55 --> Undefined variable $data
#0 C:\xampp\htdocs\codeigniter_4\codeignitier\app\Controllers\ProductController.php(19): CodeIgniter\Debug\Exceptions->errorHandler(2, 'Undefined varia...', 'C:\\xampp\\htdocs...', 19)
#1 C:\xampp\htdocs\codeigniter_4\codeignitier\system\CodeIgniter.php(824): App\Controllers\ProductController->find('Samsung')
#2 C:\xampp\htdocs\codeigniter_4\codeignitier\system\CodeIgniter.php(410): CodeIgniter\CodeIgniter->runController(Object(App\Controllers\ProductController))
#3 C:\xampp\htdocs\codeigniter_4\codeignitier\system\CodeIgniter.php(318): CodeIgniter\CodeIgniter->handleRequest(NULL, Object(Config\Cache), false)
#4 C:\xampp\htdocs\codeigniter_4\codeignitier\public\index.php(37): CodeIgniter\CodeIgniter->run()
#5 C:\xampp\htdocs\codeigniter_4\codeignitier\system\Commands\Server\rewrite.php(43): require_once('C:\\xampp\\htdocs...')
#6 {main}
CRITICAL - 2021-12-14 04:32:56 --> Undefined variable $data
#0 C:\xampp\htdocs\codeigniter_4\codeignitier\app\Controllers\ProductController.php(19): CodeIgniter\Debug\Exceptions->errorHandler(2, 'Undefined varia...', 'C:\\xampp\\htdocs...', 19)
#1 C:\xampp\htdocs\codeigniter_4\codeignitier\system\CodeIgniter.php(824): App\Controllers\ProductController->find('Samsung')
#2 C:\xampp\htdocs\codeigniter_4\codeignitier\system\CodeIgniter.php(410): CodeIgniter\CodeIgniter->runController(Object(App\Controllers\ProductController))
#3 C:\xampp\htdocs\codeigniter_4\codeignitier\system\CodeIgniter.php(318): CodeIgniter\CodeIgniter->handleRequest(NULL, Object(Config\Cache), false)
#4 C:\xampp\htdocs\codeigniter_4\codeignitier\public\index.php(37): CodeIgniter\CodeIgniter->run()
#5 C:\xampp\htdocs\codeigniter_4\codeignitier\system\Commands\Server\rewrite.php(43): require_once('C:\\xampp\\htdocs...')
#6 {main}
CRITICAL - 2021-12-14 04:32:57 --> Undefined variable $data
#0 C:\xampp\htdocs\codeigniter_4\codeignitier\app\Controllers\ProductController.php(19): CodeIgniter\Debug\Exceptions->errorHandler(2, 'Undefined varia...', 'C:\\xampp\\htdocs...', 19)
#1 C:\xampp\htdocs\codeigniter_4\codeignitier\system\CodeIgniter.php(824): App\Controllers\ProductController->find('Samsung')
#2 C:\xampp\htdocs\codeigniter_4\codeignitier\system\CodeIgniter.php(410): CodeIgniter\CodeIgniter->runController(Object(App\Controllers\ProductController))
#3 C:\xampp\htdocs\codeigniter_4\codeignitier\system\CodeIgniter.php(318): CodeIgniter\CodeIgniter->handleRequest(NULL, Object(Config\Cache), false)
#4 C:\xampp\htdocs\codeigniter_4\codeignitier\public\index.php(37): CodeIgniter\CodeIgniter->run()
#5 C:\xampp\htdocs\codeigniter_4\codeignitier\system\Commands\Server\rewrite.php(43): require_once('C:\\xampp\\htdocs...')
#6 {main}
CRITICAL - 2021-12-14 04:33:06 --> Undefined variable $data
#0 C:\xampp\htdocs\codeigniter_4\codeignitier\app\Controllers\ProductController.php(19): CodeIgniter\Debug\Exceptions->errorHandler(2, 'Undefined varia...', 'C:\\xampp\\htdocs...', 19)
#1 C:\xampp\htdocs\codeigniter_4\codeignitier\system\CodeIgniter.php(824): App\Controllers\ProductController->find('Samsung')
#2 C:\xampp\htdocs\codeigniter_4\codeignitier\system\CodeIgniter.php(410): CodeIgniter\CodeIgniter->runController(Object(App\Controllers\ProductController))
#3 C:\xampp\htdocs\codeigniter_4\codeignitier\system\CodeIgniter.php(318): CodeIgniter\CodeIgniter->handleRequest(NULL, Object(Config\Cache), false)
#4 C:\xampp\htdocs\codeigniter_4\codeignitier\public\index.php(37): CodeIgniter\CodeIgniter->run()
#5 C:\xampp\htdocs\codeigniter_4\codeignitier\system\Commands\Server\rewrite.php(43): require_once('C:\\xampp\\htdocs...')
#6 {main}
CRITICAL - 2021-12-14 04:33:07 --> Undefined variable $data
#0 C:\xampp\htdocs\codeigniter_4\codeignitier\app\Controllers\ProductController.php(19): CodeIgniter\Debug\Exceptions->errorHandler(2, 'Undefined varia...', 'C:\\xampp\\htdocs...', 19)
#1 C:\xampp\htdocs\codeigniter_4\codeignitier\system\CodeIgniter.php(824): App\Controllers\ProductController->find('Samsung')
#2 C:\xampp\htdocs\codeigniter_4\codeignitier\system\CodeIgniter.php(410): CodeIgniter\CodeIgniter->runController(Object(App\Controllers\ProductController))
#3 C:\xampp\htdocs\codeigniter_4\codeignitier\system\CodeIgniter.php(318): CodeIgniter\CodeIgniter->handleRequest(NULL, Object(Config\Cache), false)
#4 C:\xampp\htdocs\codeigniter_4\codeignitier\public\index.php(37): CodeIgniter\CodeIgniter->run()
#5 C:\xampp\htdocs\codeigniter_4\codeignitier\system\Commands\Server\rewrite.php(43): require_once('C:\\xampp\\htdocs...')
#6 {main}
CRITICAL - 2021-12-14 04:43:19 --> Undefined variable $name
#0 C:\xampp\htdocs\codeigniter_4\codeignitier\app\Views\frontend\product.php(10): CodeIgniter\Debug\Exceptions->errorHandler(2, 'Undefined varia...', 'C:\\xampp\\htdocs...', 10)
#1 C:\xampp\htdocs\codeigniter_4\codeignitier\system\View\View.php(214): include('C:\\xampp\\htdocs...')
#2 C:\xampp\htdocs\codeigniter_4\codeignitier\system\View\View.php(217): CodeIgniter\View\View->CodeIgniter\View\{closure}()
#3 C:\xampp\htdocs\codeigniter_4\codeignitier\system\Common.php(1097): CodeIgniter\View\View->render('frontend/produc...', Array, true)
#4 C:\xampp\htdocs\codeigniter_4\codeignitier\app\Controllers\ProductController.php(23): view('frontend/produc...', Array)
#5 C:\xampp\htdocs\codeigniter_4\codeignitier\system\CodeIgniter.php(824): App\Controllers\ProductController->find('Samsung')
#6 C:\xampp\htdocs\codeigniter_4\codeignitier\system\CodeIgniter.php(410): CodeIgniter\CodeIgniter->runController(Object(App\Controllers\ProductController))
#7 C:\xampp\htdocs\codeigniter_4\codeignitier\system\CodeIgniter.php(318): CodeIgniter\CodeIgniter->handleRequest(NULL, Object(Config\Cache), false)
#8 C:\xampp\htdocs\codeigniter_4\codeignitier\public\index.php(37): CodeIgniter\CodeIgniter->run()
#9 C:\xampp\htdocs\codeigniter_4\codeignitier\system\Commands\Server\rewrite.php(43): require_once('C:\\xampp\\htdocs...')
#10 {main}
CRITICAL - 2021-12-14 04:43:20 --> Undefined variable $name
#0 C:\xampp\htdocs\codeigniter_4\codeignitier\app\Views\frontend\product.php(10): CodeIgniter\Debug\Exceptions->errorHandler(2, 'Undefined varia...', 'C:\\xampp\\htdocs...', 10)
#1 C:\xampp\htdocs\codeigniter_4\codeignitier\system\View\View.php(214): include('C:\\xampp\\htdocs...')
#2 C:\xampp\htdocs\codeigniter_4\codeignitier\system\View\View.php(217): CodeIgniter\View\View->CodeIgniter\View\{closure}()
#3 C:\xampp\htdocs\codeigniter_4\codeignitier\system\Common.php(1097): CodeIgniter\View\View->render('frontend/produc...', Array, true)
#4 C:\xampp\htdocs\codeigniter_4\codeignitier\app\Controllers\ProductController.php(23): view('frontend/produc...', Array)
#5 C:\xampp\htdocs\codeigniter_4\codeignitier\system\CodeIgniter.php(824): App\Controllers\ProductController->find('Samsung')
#6 C:\xampp\htdocs\codeigniter_4\codeignitier\system\CodeIgniter.php(410): CodeIgniter\CodeIgniter->runController(Object(App\Controllers\ProductController))
#7 C:\xampp\htdocs\codeigniter_4\codeignitier\system\CodeIgniter.php(318): CodeIgniter\CodeIgniter->handleRequest(NULL, Object(Config\Cache), false)
#8 C:\xampp\htdocs\codeigniter_4\codeignitier\public\index.php(37): CodeIgniter\CodeIgniter->run()
#9 C:\xampp\htdocs\codeigniter_4\codeignitier\system\Commands\Server\rewrite.php(43): require_once('C:\\xampp\\htdocs...')
#10 {main}
CRITICAL - 2021-12-14 04:43:33 --> Undefined variable $name
#0 C:\xampp\htdocs\codeigniter_4\codeignitier\app\Views\frontend\product.php(10): CodeIgniter\Debug\Exceptions->errorHandler(2, 'Undefined varia...', 'C:\\xampp\\htdocs...', 10)
#1 C:\xampp\htdocs\codeigniter_4\codeignitier\system\View\View.php(214): include('C:\\xampp\\htdocs...')
#2 C:\xampp\htdocs\codeigniter_4\codeignitier\system\View\View.php(217): CodeIgniter\View\View->CodeIgniter\View\{closure}()
#3 C:\xampp\htdocs\codeigniter_4\codeignitier\system\Common.php(1097): CodeIgniter\View\View->render('frontend/produc...', Array, true)
#4 C:\xampp\htdocs\codeigniter_4\codeignitier\app\Controllers\ProductController.php(23): view('frontend/produc...', Array)
#5 C:\xampp\htdocs\codeigniter_4\codeignitier\system\CodeIgniter.php(824): App\Controllers\ProductController->find('Samsung')
#6 C:\xampp\htdocs\codeigniter_4\codeignitier\system\CodeIgniter.php(410): CodeIgniter\CodeIgniter->runController(Object(App\Controllers\ProductController))
#7 C:\xampp\htdocs\codeigniter_4\codeignitier\system\CodeIgniter.php(318): CodeIgniter\CodeIgniter->handleRequest(NULL, Object(Config\Cache), false)
#8 C:\xampp\htdocs\codeigniter_4\codeignitier\public\index.php(37): CodeIgniter\CodeIgniter->run()
#9 C:\xampp\htdocs\codeigniter_4\codeignitier\system\Commands\Server\rewrite.php(43): require_once('C:\\xampp\\htdocs...')
#10 {main}
CRITICAL - 2021-12-14 04:43:34 --> Undefined variable $name
#0 C:\xampp\htdocs\codeigniter_4\codeignitier\app\Views\frontend\product.php(10): CodeIgniter\Debug\Exceptions->errorHandler(2, 'Undefined varia...', 'C:\\xampp\\htdocs...', 10)
#1 C:\xampp\htdocs\codeigniter_4\codeignitier\system\View\View.php(214): include('C:\\xampp\\htdocs...')
#2 C:\xampp\htdocs\codeigniter_4\codeignitier\system\View\View.php(217): CodeIgniter\View\View->CodeIgniter\View\{closure}()
#3 C:\xampp\htdocs\codeigniter_4\codeignitier\system\Common.php(1097): CodeIgniter\View\View->render('frontend/produc...', Array, true)
#4 C:\xampp\htdocs\codeigniter_4\codeignitier\app\Controllers\ProductController.php(23): view('frontend/produc...', Array)
#5 C:\xampp\htdocs\codeigniter_4\codeignitier\system\CodeIgniter.php(824): App\Controllers\ProductController->find('Samsung')
#6 C:\xampp\htdocs\codeigniter_4\codeignitier\system\CodeIgniter.php(410): CodeIgniter\CodeIgniter->runController(Object(App\Controllers\ProductController))
#7 C:\xampp\htdocs\codeigniter_4\codeignitier\system\CodeIgniter.php(318): CodeIgniter\CodeIgniter->handleRequest(NULL, Object(Config\Cache), false)
#8 C:\xampp\htdocs\codeigniter_4\codeignitier\public\index.php(37): CodeIgniter\CodeIgniter->run()
#9 C:\xampp\htdocs\codeigniter_4\codeignitier\system\Commands\Server\rewrite.php(43): require_once('C:\\xampp\\htdocs...')
#10 {main}
CRITICAL - 2021-12-14 04:49:33 --> Undefined variable $name
#0 C:\xampp\htdocs\codeigniter_4\codeignitier\app\Views\frontend\product.php(10): CodeIgniter\Debug\Exceptions->errorHandler(2, 'Undefined varia...', 'C:\\xampp\\htdocs...', 10)
#1 C:\xampp\htdocs\codeigniter_4\codeignitier\system\View\View.php(214): include('C:\\xampp\\htdocs...')
#2 C:\xampp\htdocs\codeigniter_4\codeignitier\system\View\View.php(217): CodeIgniter\View\View->CodeIgniter\View\{closure}()
#3 C:\xampp\htdocs\codeigniter_4\codeignitier\system\Common.php(1097): CodeIgniter\View\View->render('frontend/produc...', Array, true)
#4 C:\xampp\htdocs\codeigniter_4\codeignitier\app\Controllers\ProductController.php(23): view('frontend/produc...', Array)
#5 C:\xampp\htdocs\codeigniter_4\codeignitier\system\CodeIgniter.php(824): App\Controllers\ProductController->find('Samsung')
#6 C:\xampp\htdocs\codeigniter_4\codeignitier\system\CodeIgniter.php(410): CodeIgniter\CodeIgniter->runController(Object(App\Controllers\ProductController))
#7 C:\xampp\htdocs\codeigniter_4\codeignitier\system\CodeIgniter.php(318): CodeIgniter\CodeIgniter->handleRequest(NULL, Object(Config\Cache), false)
#8 C:\xampp\htdocs\codeigniter_4\codeignitier\public\index.php(37): CodeIgniter\CodeIgniter->run()
#9 C:\xampp\htdocs\codeigniter_4\codeignitier\system\Commands\Server\rewrite.php(43): require_once('C:\\xampp\\htdocs...')
#10 {main}
CRITICAL - 2021-12-14 04:49:34 --> Undefined variable $name
#0 C:\xampp\htdocs\codeigniter_4\codeignitier\app\Views\frontend\product.php(10): CodeIgniter\Debug\Exceptions->errorHandler(2, 'Undefined varia...', 'C:\\xampp\\htdocs...', 10)
#1 C:\xampp\htdocs\codeigniter_4\codeignitier\system\View\View.php(214): include('C:\\xampp\\htdocs...')
#2 C:\xampp\htdocs\codeigniter_4\codeignitier\system\View\View.php(217): CodeIgniter\View\View->CodeIgniter\View\{closure}()
#3 C:\xampp\htdocs\codeigniter_4\codeignitier\system\Common.php(1097): CodeIgniter\View\View->render('frontend/produc...', Array, true)
#4 C:\xampp\htdocs\codeigniter_4\codeignitier\app\Controllers\ProductController.php(23): view('frontend/produc...', Array)
#5 C:\xampp\htdocs\codeigniter_4\codeignitier\system\CodeIgniter.php(824): App\Controllers\ProductController->find('Samsung')
#6 C:\xampp\htdocs\codeigniter_4\codeignitier\system\CodeIgniter.php(410): CodeIgniter\CodeIgniter->runController(Object(App\Controllers\ProductController))
#7 C:\xampp\htdocs\codeigniter_4\codeignitier\system\CodeIgniter.php(318): CodeIgniter\CodeIgniter->handleRequest(NULL, Object(Config\Cache), false)
#8 C:\xampp\htdocs\codeigniter_4\codeignitier\public\index.php(37): CodeIgniter\CodeIgniter->run()
#9 C:\xampp\htdocs\codeigniter_4\codeignitier\system\Commands\Server\rewrite.php(43): require_once('C:\\xampp\\htdocs...')
#10 {main}
CRITICAL - 2021-12-14 04:49:34 --> Undefined variable $name
#0 C:\xampp\htdocs\codeigniter_4\codeignitier\app\Views\frontend\product.php(10): CodeIgniter\Debug\Exceptions->errorHandler(2, 'Undefined varia...', 'C:\\xampp\\htdocs...', 10)
#1 C:\xampp\htdocs\codeigniter_4\codeignitier\system\View\View.php(214): include('C:\\xampp\\htdocs...')
#2 C:\xampp\htdocs\codeigniter_4\codeignitier\system\View\View.php(217): CodeIgniter\View\View->CodeIgniter\View\{closure}()
#3 C:\xampp\htdocs\codeigniter_4\codeignitier\system\Common.php(1097): CodeIgniter\View\View->render('frontend/produc...', Array, true)
#4 C:\xampp\htdocs\codeigniter_4\codeignitier\app\Controllers\ProductController.php(23): view('frontend/produc...', Array)
#5 C:\xampp\htdocs\codeigniter_4\codeignitier\system\CodeIgniter.php(824): App\Controllers\ProductController->find('Samsung')
#6 C:\xampp\htdocs\codeigniter_4\codeignitier\system\CodeIgniter.php(410): CodeIgniter\CodeIgniter->runController(Object(App\Controllers\ProductController))
#7 C:\xampp\htdocs\codeigniter_4\codeignitier\system\CodeIgniter.php(318): CodeIgniter\CodeIgniter->handleRequest(NULL, Object(Config\Cache), false)
#8 C:\xampp\htdocs\codeigniter_4\codeignitier\public\index.php(37): CodeIgniter\CodeIgniter->run()
#9 C:\xampp\htdocs\codeigniter_4\codeignitier\system\Commands\Server\rewrite.php(43): require_once('C:\\xampp\\htdocs...')
#10 {main}
CRITICAL - 2021-12-14 04:49:35 --> Undefined variable $name
#0 C:\xampp\htdocs\codeigniter_4\codeignitier\app\Views\frontend\product.php(10): CodeIgniter\Debug\Exceptions->errorHandler(2, 'Undefined varia...', 'C:\\xampp\\htdocs...', 10)
#1 C:\xampp\htdocs\codeigniter_4\codeignitier\system\View\View.php(214): include('C:\\xampp\\htdocs...')
#2 C:\xampp\htdocs\codeigniter_4\codeignitier\system\View\View.php(217): CodeIgniter\View\View->CodeIgniter\View\{closure}()
#3 C:\xampp\htdocs\codeigniter_4\codeignitier\system\Common.php(1097): CodeIgniter\View\View->render('frontend/produc...', Array, true)
#4 C:\xampp\htdocs\codeigniter_4\codeignitier\app\Controllers\ProductController.php(23): view('frontend/produc...', Array)
#5 C:\xampp\htdocs\codeigniter_4\codeignitier\system\CodeIgniter.php(824): App\Controllers\ProductController->find('Samsung')
#6 C:\xampp\htdocs\codeigniter_4\codeignitier\system\CodeIgniter.php(410): CodeIgniter\CodeIgniter->runController(Object(App\Controllers\ProductController))
#7 C:\xampp\htdocs\codeigniter_4\codeignitier\system\CodeIgniter.php(318): CodeIgniter\CodeIgniter->handleRequest(NULL, Object(Config\Cache), false)
#8 C:\xampp\htdocs\codeigniter_4\codeignitier\public\index.php(37): CodeIgniter\CodeIgniter->run()
#9 C:\xampp\htdocs\codeigniter_4\codeignitier\system\Commands\Server\rewrite.php(43): require_once('C:\\xampp\\htdocs...')
#10 {main}
CRITICAL - 2021-12-14 04:49:35 --> Undefined variable $name
#0 C:\xampp\htdocs\codeigniter_4\codeignitier\app\Views\frontend\product.php(10): CodeIgniter\Debug\Exceptions->errorHandler(2, 'Undefined varia...', 'C:\\xampp\\htdocs...', 10)
#1 C:\xampp\htdocs\codeigniter_4\codeignitier\system\View\View.php(214): include('C:\\xampp\\htdocs...')
#2 C:\xampp\htdocs\codeigniter_4\codeignitier\system\View\View.php(217): CodeIgniter\View\View->CodeIgniter\View\{closure}()
#3 C:\xampp\htdocs\codeigniter_4\codeignitier\system\Common.php(1097): CodeIgniter\View\View->render('frontend/produc...', Array, true)
#4 C:\xampp\htdocs\codeigniter_4\codeignitier\app\Controllers\ProductController.php(23): view('frontend/produc...', Array)
#5 C:\xampp\htdocs\codeigniter_4\codeignitier\system\CodeIgniter.php(824): App\Controllers\ProductController->find('Samsung')
#6 C:\xampp\htdocs\codeigniter_4\codeignitier\system\CodeIgniter.php(410): CodeIgniter\CodeIgniter->runController(Object(App\Controllers\ProductController))
#7 C:\xampp\htdocs\codeigniter_4\codeignitier\system\CodeIgniter.php(318): CodeIgniter\CodeIgniter->handleRequest(NULL, Object(Config\Cache), false)
#8 C:\xampp\htdocs\codeigniter_4\codeignitier\public\index.php(37): CodeIgniter\CodeIgniter->run()
#9 C:\xampp\htdocs\codeigniter_4\codeignitier\system\Commands\Server\rewrite.php(43): require_once('C:\\xampp\\htdocs...')
#10 {main}
CRITICAL - 2021-12-14 04:51:27 --> Undefined variable $name
#0 C:\xampp\htdocs\codeigniter_4\codeignitier\app\Views\frontend\product.php(10): CodeIgniter\Debug\Exceptions->errorHandler(2, 'Undefined varia...', 'C:\\xampp\\htdocs...', 10)
#1 C:\xampp\htdocs\codeigniter_4\codeignitier\system\View\View.php(214): include('C:\\xampp\\htdocs...')
#2 C:\xampp\htdocs\codeigniter_4\codeignitier\system\View\View.php(217): CodeIgniter\View\View->CodeIgniter\View\{closure}()
#3 C:\xampp\htdocs\codeigniter_4\codeignitier\system\Common.php(1097): CodeIgniter\View\View->render('frontend/produc...', Array, true)
#4 C:\xampp\htdocs\codeigniter_4\codeignitier\app\Controllers\ProductController.php(23): view('frontend/produc...', Array)
#5 C:\xampp\htdocs\codeigniter_4\codeignitier\system\CodeIgniter.php(824): App\Controllers\ProductController->find('Samsung')
#6 C:\xampp\htdocs\codeigniter_4\codeignitier\system\CodeIgniter.php(410): CodeIgniter\CodeIgniter->runController(Object(App\Controllers\ProductController))
#7 C:\xampp\htdocs\codeigniter_4\codeignitier\system\CodeIgniter.php(318): CodeIgniter\CodeIgniter->handleRequest(NULL, Object(Config\Cache), false)
#8 C:\xampp\htdocs\codeigniter_4\codeignitier\public\index.php(37): CodeIgniter\CodeIgniter->run()
#9 C:\xampp\htdocs\codeigniter_4\codeignitier\system\Commands\Server\rewrite.php(43): require_once('C:\\xampp\\htdocs...')
#10 {main}
CRITICAL - 2021-12-14 04:51:28 --> Undefined variable $name
#0 C:\xampp\htdocs\codeigniter_4\codeignitier\app\Views\frontend\product.php(10): CodeIgniter\Debug\Exceptions->errorHandler(2, 'Undefined varia...', 'C:\\xampp\\htdocs...', 10)
#1 C:\xampp\htdocs\codeigniter_4\codeignitier\system\View\View.php(214): include('C:\\xampp\\htdocs...')
#2 C:\xampp\htdocs\codeigniter_4\codeignitier\system\View\View.php(217): CodeIgniter\View\View->CodeIgniter\View\{closure}()
#3 C:\xampp\htdocs\codeigniter_4\codeignitier\system\Common.php(1097): CodeIgniter\View\View->render('frontend/produc...', Array, true)
#4 C:\xampp\htdocs\codeigniter_4\codeignitier\app\Controllers\ProductController.php(23): view('frontend/produc...', Array)
#5 C:\xampp\htdocs\codeigniter_4\codeignitier\system\CodeIgniter.php(824): App\Controllers\ProductController->find('Samsung')
#6 C:\xampp\htdocs\codeigniter_4\codeignitier\system\CodeIgniter.php(410): CodeIgniter\CodeIgniter->runController(Object(App\Controllers\ProductController))
#7 C:\xampp\htdocs\codeigniter_4\codeignitier\system\CodeIgniter.php(318): CodeIgniter\CodeIgniter->handleRequest(NULL, Object(Config\Cache), false)
#8 C:\xampp\htdocs\codeigniter_4\codeignitier\public\index.php(37): CodeIgniter\CodeIgniter->run()
#9 C:\xampp\htdocs\codeigniter_4\codeignitier\system\Commands\Server\rewrite.php(43): require_once('C:\\xampp\\htdocs...')
#10 {main}
CRITICAL - 2021-12-14 04:51:28 --> Undefined variable $name
#0 C:\xampp\htdocs\codeigniter_4\codeignitier\app\Views\frontend\product.php(10): CodeIgniter\Debug\Exceptions->errorHandler(2, 'Undefined varia...', 'C:\\xampp\\htdocs...', 10)
#1 C:\xampp\htdocs\codeigniter_4\codeignitier\system\View\View.php(214): include('C:\\xampp\\htdocs...')
#2 C:\xampp\htdocs\codeigniter_4\codeignitier\system\View\View.php(217): CodeIgniter\View\View->CodeIgniter\View\{closure}()
#3 C:\xampp\htdocs\codeigniter_4\codeignitier\system\Common.php(1097): CodeIgniter\View\View->render('frontend/produc...', Array, true)
#4 C:\xampp\htdocs\codeigniter_4\codeignitier\app\Controllers\ProductController.php(23): view('frontend/produc...', Array)
#5 C:\xampp\htdocs\codeigniter_4\codeignitier\system\CodeIgniter.php(824): App\Controllers\ProductController->find('Samsung')
#6 C:\xampp\htdocs\codeigniter_4\codeignitier\system\CodeIgniter.php(410): CodeIgniter\CodeIgniter->runController(Object(App\Controllers\ProductController))
#7 C:\xampp\htdocs\codeigniter_4\codeignitier\system\CodeIgniter.php(318): CodeIgniter\CodeIgniter->handleRequest(NULL, Object(Config\Cache), false)
#8 C:\xampp\htdocs\codeigniter_4\codeignitier\public\index.php(37): CodeIgniter\CodeIgniter->run()
#9 C:\xampp\htdocs\codeigniter_4\codeignitier\system\Commands\Server\rewrite.php(43): require_once('C:\\xampp\\htdocs...')
#10 {main}
CRITICAL - 2021-12-14 04:51:28 --> Undefined variable $name
#0 C:\xampp\htdocs\codeigniter_4\codeignitier\app\Views\frontend\product.php(10): CodeIgniter\Debug\Exceptions->errorHandler(2, 'Undefined varia...', 'C:\\xampp\\htdocs...', 10)
#1 C:\xampp\htdocs\codeigniter_4\codeignitier\system\View\View.php(214): include('C:\\xampp\\htdocs...')
#2 C:\xampp\htdocs\codeigniter_4\codeignitier\system\View\View.php(217): CodeIgniter\View\View->CodeIgniter\View\{closure}()
#3 C:\xampp\htdocs\codeigniter_4\codeignitier\system\Common.php(1097): CodeIgniter\View\View->render('frontend/produc...', Array, true)
#4 C:\xampp\htdocs\codeigniter_4\codeignitier\app\Controllers\ProductController.php(23): view('frontend/produc...', Array)
#5 C:\xampp\htdocs\codeigniter_4\codeignitier\system\CodeIgniter.php(824): App\Controllers\ProductController->find('Samsung')
#6 C:\xampp\htdocs\codeigniter_4\codeignitier\system\CodeIgniter.php(410): CodeIgniter\CodeIgniter->runController(Object(App\Controllers\ProductController))
#7 C:\xampp\htdocs\codeigniter_4\codeignitier\system\CodeIgniter.php(318): CodeIgniter\CodeIgniter->handleRequest(NULL, Object(Config\Cache), false)
#8 C:\xampp\htdocs\codeigniter_4\codeignitier\public\index.php(37): CodeIgniter\CodeIgniter->run()
#9 C:\xampp\htdocs\codeigniter_4\codeignitier\system\Commands\Server\rewrite.php(43): require_once('C:\\xampp\\htdocs...')
#10 {main}
CRITICAL - 2021-12-14 04:53:48 --> Undefined variable $name
#0 C:\xampp\htdocs\codeigniter_4\codeignitier\app\Views\frontend\product.php(10): CodeIgniter\Debug\Exceptions->errorHandler(2, 'Undefined varia...', 'C:\\xampp\\htdocs...', 10)
#1 C:\xampp\htdocs\codeigniter_4\codeignitier\system\View\View.php(214): include('C:\\xampp\\htdocs...')
#2 C:\xampp\htdocs\codeigniter_4\codeignitier\system\View\View.php(217): CodeIgniter\View\View->CodeIgniter\View\{closure}()
#3 C:\xampp\htdocs\codeigniter_4\codeignitier\system\Common.php(1097): CodeIgniter\View\View->render('frontend/produc...', Array, true)
#4 C:\xampp\htdocs\codeigniter_4\codeignitier\app\Controllers\ProductController.php(23): view('frontend/produc...', Array)
#5 C:\xampp\htdocs\codeigniter_4\codeignitier\system\CodeIgniter.php(824): App\Controllers\ProductController->find('Samsung')
#6 C:\xampp\htdocs\codeigniter_4\codeignitier\system\CodeIgniter.php(410): CodeIgniter\CodeIgniter->runController(Object(App\Controllers\ProductController))
#7 C:\xampp\htdocs\codeigniter_4\codeignitier\system\CodeIgniter.php(318): CodeIgniter\CodeIgniter->handleRequest(NULL, Object(Config\Cache), false)
#8 C:\xampp\htdocs\codeigniter_4\codeignitier\public\index.php(37): CodeIgniter\CodeIgniter->run()
#9 C:\xampp\htdocs\codeigniter_4\codeignitier\system\Commands\Server\rewrite.php(43): require_once('C:\\xampp\\htdocs...')
#10 {main}
CRITICAL - 2021-12-14 04:54:25 --> Undefined variable $name
#0 C:\xampp\htdocs\codeigniter_4\codeignitier\app\Views\frontend\product.php(10): CodeIgniter\Debug\Exceptions->errorHandler(2, 'Undefined varia...', 'C:\\xampp\\htdocs...', 10)
#1 C:\xampp\htdocs\codeigniter_4\codeignitier\system\View\View.php(214): include('C:\\xampp\\htdocs...')
#2 C:\xampp\htdocs\codeigniter_4\codeignitier\system\View\View.php(217): CodeIgniter\View\View->CodeIgniter\View\{closure}()
#3 C:\xampp\htdocs\codeigniter_4\codeignitier\system\Common.php(1097): CodeIgniter\View\View->render('frontend/produc...', Array, true)
#4 C:\xampp\htdocs\codeigniter_4\codeignitier\app\Controllers\ProductController.php(23): view('frontend/produc...', Array)
#5 C:\xampp\htdocs\codeigniter_4\codeignitier\system\CodeIgniter.php(824): App\Controllers\ProductController->find('Samsung')
#6 C:\xampp\htdocs\codeigniter_4\codeignitier\system\CodeIgniter.php(410): CodeIgniter\CodeIgniter->runController(Object(App\Controllers\ProductController))
#7 C:\xampp\htdocs\codeigniter_4\codeignitier\system\CodeIgniter.php(318): CodeIgniter\CodeIgniter->handleRequest(NULL, Object(Config\Cache), false)
#8 C:\xampp\htdocs\codeigniter_4\codeignitier\public\index.php(37): CodeIgniter\CodeIgniter->run()
#9 C:\xampp\htdocs\codeigniter_4\codeignitier\system\Commands\Server\rewrite.php(43): require_once('C:\\xampp\\htdocs...')
#10 {main}
CRITICAL - 2021-12-14 04:54:26 --> Undefined variable $name
#0 C:\xampp\htdocs\codeigniter_4\codeignitier\app\Views\frontend\product.php(10): CodeIgniter\Debug\Exceptions->errorHandler(2, 'Undefined varia...', 'C:\\xampp\\htdocs...', 10)
#1 C:\xampp\htdocs\codeigniter_4\codeignitier\system\View\View.php(214): include('C:\\xampp\\htdocs...')
#2 C:\xampp\htdocs\codeigniter_4\codeignitier\system\View\View.php(217): CodeIgniter\View\View->CodeIgniter\View\{closure}()
#3 C:\xampp\htdocs\codeigniter_4\codeignitier\system\Common.php(1097): CodeIgniter\View\View->render('frontend/produc...', Array, true)
#4 C:\xampp\htdocs\codeigniter_4\codeignitier\app\Controllers\ProductController.php(23): view('frontend/produc...', Array)
#5 C:\xampp\htdocs\codeigniter_4\codeignitier\system\CodeIgniter.php(824): App\Controllers\ProductController->find('Samsung')
#6 C:\xampp\htdocs\codeigniter_4\codeignitier\system\CodeIgniter.php(410): CodeIgniter\CodeIgniter->runController(Object(App\Controllers\ProductController))
#7 C:\xampp\htdocs\codeigniter_4\codeignitier\system\CodeIgniter.php(318): CodeIgniter\CodeIgniter->handleRequest(NULL, Object(Config\Cache), false)
#8 C:\xampp\htdocs\codeigniter_4\codeignitier\public\index.php(37): CodeIgniter\CodeIgniter->run()
#9 C:\xampp\htdocs\codeigniter_4\codeignitier\system\Commands\Server\rewrite.php(43): require_once('C:\\xampp\\htdocs...')
#10 {main}
CRITICAL - 2021-12-14 04:54:26 --> Undefined variable $name
#0 C:\xampp\htdocs\codeigniter_4\codeignitier\app\Views\frontend\product.php(10): CodeIgniter\Debug\Exceptions->errorHandler(2, 'Undefined varia...', 'C:\\xampp\\htdocs...', 10)
#1 C:\xampp\htdocs\codeigniter_4\codeignitier\system\View\View.php(214): include('C:\\xampp\\htdocs...')
#2 C:\xampp\htdocs\codeigniter_4\codeignitier\system\View\View.php(217): CodeIgniter\View\View->CodeIgniter\View\{closure}()
#3 C:\xampp\htdocs\codeigniter_4\codeignitier\system\Common.php(1097): CodeIgniter\View\View->render('frontend/produc...', Array, true)
#4 C:\xampp\htdocs\codeigniter_4\codeignitier\app\Controllers\ProductController.php(23): view('frontend/produc...', Array)
#5 C:\xampp\htdocs\codeigniter_4\codeignitier\system\CodeIgniter.php(824): App\Controllers\ProductController->find('Samsung')
#6 C:\xampp\htdocs\codeigniter_4\codeignitier\system\CodeIgniter.php(410): CodeIgniter\CodeIgniter->runController(Object(App\Controllers\ProductController))
#7 C:\xampp\htdocs\codeigniter_4\codeignitier\system\CodeIgniter.php(318): CodeIgniter\CodeIgniter->handleRequest(NULL, Object(Config\Cache), false)
#8 C:\xampp\htdocs\codeigniter_4\codeignitier\public\index.php(37): CodeIgniter\CodeIgniter->run()
#9 C:\xampp\htdocs\codeigniter_4\codeignitier\system\Commands\Server\rewrite.php(43): require_once('C:\\xampp\\htdocs...')
#10 {main}
CRITICAL - 2021-12-14 04:54:26 --> Undefined variable $name
#0 C:\xampp\htdocs\codeigniter_4\codeignitier\app\Views\frontend\product.php(10): CodeIgniter\Debug\Exceptions->errorHandler(2, 'Undefined varia...', 'C:\\xampp\\htdocs...', 10)
#1 C:\xampp\htdocs\codeigniter_4\codeignitier\system\View\View.php(214): include('C:\\xampp\\htdocs...')
#2 C:\xampp\htdocs\codeigniter_4\codeignitier\system\View\View.php(217): CodeIgniter\View\View->CodeIgniter\View\{closure}()
#3 C:\xampp\htdocs\codeigniter_4\codeignitier\system\Common.php(1097): CodeIgniter\View\View->render('frontend/produc...', Array, true)
#4 C:\xampp\htdocs\codeigniter_4\codeignitier\app\Controllers\ProductController.php(23): view('frontend/produc...', Array)
#5 C:\xampp\htdocs\codeigniter_4\codeignitier\system\CodeIgniter.php(824): App\Controllers\ProductController->find('Samsung')
#6 C:\xampp\htdocs\codeigniter_4\codeignitier\system\CodeIgniter.php(410): CodeIgniter\CodeIgniter->runController(Object(App\Controllers\ProductController))
#7 C:\xampp\htdocs\codeigniter_4\codeignitier\system\CodeIgniter.php(318): CodeIgniter\CodeIgniter->handleRequest(NULL, Object(Config\Cache), false)
#8 C:\xampp\htdocs\codeigniter_4\codeignitier\public\index.php(37): CodeIgniter\CodeIgniter->run()
#9 C:\xampp\htdocs\codeigniter_4\codeignitier\system\Commands\Server\rewrite.php(43): require_once('C:\\xampp\\htdocs...')
#10 {main}
CRITICAL - 2021-12-14 04:54:44 --> Undefined variable $name
#0 C:\xampp\htdocs\codeigniter_4\codeignitier\app\Views\frontend\product.php(10): CodeIgniter\Debug\Exceptions->errorHandler(2, 'Undefined varia...', 'C:\\xampp\\htdocs...', 10)
#1 C:\xampp\htdocs\codeigniter_4\codeignitier\system\View\View.php(214): include('C:\\xampp\\htdocs...')
#2 C:\xampp\htdocs\codeigniter_4\codeignitier\system\View\View.php(217): CodeIgniter\View\View->CodeIgniter\View\{closure}()
#3 C:\xampp\htdocs\codeigniter_4\codeignitier\system\Common.php(1097): CodeIgniter\View\View->render('frontend/produc...', Array, true)
#4 C:\xampp\htdocs\codeigniter_4\codeignitier\app\Controllers\ProductController.php(23): view('frontend/produc...', Array)
#5 C:\xampp\htdocs\codeigniter_4\codeignitier\system\CodeIgniter.php(824): App\Controllers\ProductController->find('Samsung')
#6 C:\xampp\htdocs\codeigniter_4\codeignitier\system\CodeIgniter.php(410): CodeIgniter\CodeIgniter->runController(Object(App\Controllers\ProductController))
#7 C:\xampp\htdocs\codeigniter_4\codeignitier\system\CodeIgniter.php(318): CodeIgniter\CodeIgniter->handleRequest(NULL, Object(Config\Cache), false)
#8 C:\xampp\htdocs\codeigniter_4\codeignitier\public\index.php(37): CodeIgniter\CodeIgniter->run()
#9 C:\xampp\htdocs\codeigniter_4\codeignitier\system\Commands\Server\rewrite.php(43): require_once('C:\\xampp\\htdocs...')
#10 {main}
CRITICAL - 2021-12-14 04:54:45 --> Undefined variable $name
#0 C:\xampp\htdocs\codeigniter_4\codeignitier\app\Views\frontend\product.php(10): CodeIgniter\Debug\Exceptions->errorHandler(2, 'Undefined varia...', 'C:\\xampp\\htdocs...', 10)
#1 C:\xampp\htdocs\codeigniter_4\codeignitier\system\View\View.php(214): include('C:\\xampp\\htdocs...')
#2 C:\xampp\htdocs\codeigniter_4\codeignitier\system\View\View.php(217): CodeIgniter\View\View->CodeIgniter\View\{closure}()
#3 C:\xampp\htdocs\codeigniter_4\codeignitier\system\Common.php(1097): CodeIgniter\View\View->render('frontend/produc...', Array, true)
#4 C:\xampp\htdocs\codeigniter_4\codeignitier\app\Controllers\ProductController.php(23): view('frontend/produc...', Array)
#5 C:\xampp\htdocs\codeigniter_4\codeignitier\system\CodeIgniter.php(824): App\Controllers\ProductController->find('Samsung')
#6 C:\xampp\htdocs\codeigniter_4\codeignitier\system\CodeIgniter.php(410): CodeIgniter\CodeIgniter->runController(Object(App\Controllers\ProductController))
#7 C:\xampp\htdocs\codeigniter_4\codeignitier\system\CodeIgniter.php(318): CodeIgniter\CodeIgniter->handleRequest(NULL, Object(Config\Cache), false)
#8 C:\xampp\htdocs\codeigniter_4\codeignitier\public\index.php(37): CodeIgniter\CodeIgniter->run()
#9 C:\xampp\htdocs\codeigniter_4\codeignitier\system\Commands\Server\rewrite.php(43): require_once('C:\\xampp\\htdocs...')
#10 {main}
CRITICAL - 2021-12-14 04:56:43 --> Undefined variable $name
#0 C:\xampp\htdocs\codeigniter_4\codeignitier\app\Views\frontend\product.php(10): CodeIgniter\Debug\Exceptions->errorHandler(2, 'Undefined varia...', 'C:\\xampp\\htdocs...', 10)
#1 C:\xampp\htdocs\codeigniter_4\codeignitier\system\View\View.php(214): include('C:\\xampp\\htdocs...')
#2 C:\xampp\htdocs\codeigniter_4\codeignitier\system\View\View.php(217): CodeIgniter\View\View->CodeIgniter\View\{closure}()
#3 C:\xampp\htdocs\codeigniter_4\codeignitier\system\Common.php(1097): CodeIgniter\View\View->render('frontend/produc...', Array, true)
#4 C:\xampp\htdocs\codeigniter_4\codeignitier\app\Controllers\ProductController.php(23): view('frontend/produc...', Array)
#5 C:\xampp\htdocs\codeigniter_4\codeignitier\system\CodeIgniter.php(824): App\Controllers\ProductController->find('Samsung')
#6 C:\xampp\htdocs\codeigniter_4\codeignitier\system\CodeIgniter.php(410): CodeIgniter\CodeIgniter->runController(Object(App\Controllers\ProductController))
#7 C:\xampp\htdocs\codeigniter_4\codeignitier\system\CodeIgniter.php(318): CodeIgniter\CodeIgniter->handleRequest(NULL, Object(Config\Cache), false)
#8 C:\xampp\htdocs\codeigniter_4\codeignitier\public\index.php(37): CodeIgniter\CodeIgniter->run()
#9 C:\xampp\htdocs\codeigniter_4\codeignitier\system\Commands\Server\rewrite.php(43): require_once('C:\\xampp\\htdocs...')
#10 {main}
CRITICAL - 2021-12-14 04:56:43 --> Undefined variable $name
#0 C:\xampp\htdocs\codeigniter_4\codeignitier\app\Views\frontend\product.php(10): CodeIgniter\Debug\Exceptions->errorHandler(2, 'Undefined varia...', 'C:\\xampp\\htdocs...', 10)
#1 C:\xampp\htdocs\codeigniter_4\codeignitier\system\View\View.php(214): include('C:\\xampp\\htdocs...')
#2 C:\xampp\htdocs\codeigniter_4\codeignitier\system\View\View.php(217): CodeIgniter\View\View->CodeIgniter\View\{closure}()
#3 C:\xampp\htdocs\codeigniter_4\codeignitier\system\Common.php(1097): CodeIgniter\View\View->render('frontend/produc...', Array, true)
#4 C:\xampp\htdocs\codeigniter_4\codeignitier\app\Controllers\ProductController.php(23): view('frontend/produc...', Array)
#5 C:\xampp\htdocs\codeigniter_4\codeignitier\system\CodeIgniter.php(824): App\Controllers\ProductController->find('Samsung')
#6 C:\xampp\htdocs\codeigniter_4\codeignitier\system\CodeIgniter.php(410): CodeIgniter\CodeIgniter->runController(Object(App\Controllers\ProductController))
#7 C:\xampp\htdocs\codeigniter_4\codeignitier\system\CodeIgniter.php(318): CodeIgniter\CodeIgniter->handleRequest(NULL, Object(Config\Cache), false)
#8 C:\xampp\htdocs\codeigniter_4\codeignitier\public\index.php(37): CodeIgniter\CodeIgniter->run()
#9 C:\xampp\htdocs\codeigniter_4\codeignitier\system\Commands\Server\rewrite.php(43): require_once('C:\\xampp\\htdocs...')
#10 {main}
CRITICAL - 2021-12-14 04:56:44 --> Undefined variable $name
#0 C:\xampp\htdocs\codeigniter_4\codeignitier\app\Views\frontend\product.php(10): CodeIgniter\Debug\Exceptions->errorHandler(2, 'Undefined varia...', 'C:\\xampp\\htdocs...', 10)
#1 C:\xampp\htdocs\codeigniter_4\codeignitier\system\View\View.php(214): include('C:\\xampp\\htdocs...')
#2 C:\xampp\htdocs\codeigniter_4\codeignitier\system\View\View.php(217): CodeIgniter\View\View->CodeIgniter\View\{closure}()
#3 C:\xampp\htdocs\codeigniter_4\codeignitier\system\Common.php(1097): CodeIgniter\View\View->render('frontend/produc...', Array, true)
#4 C:\xampp\htdocs\codeigniter_4\codeignitier\app\Controllers\ProductController.php(23): view('frontend/produc...', Array)
#5 C:\xampp\htdocs\codeigniter_4\codeignitier\system\CodeIgniter.php(824): App\Controllers\ProductController->find('Samsung')
#6 C:\xampp\htdocs\codeigniter_4\codeignitier\system\CodeIgniter.php(410): CodeIgniter\CodeIgniter->runController(Object(App\Controllers\ProductController))
#7 C:\xampp\htdocs\codeigniter_4\codeignitier\system\CodeIgniter.php(318): CodeIgniter\CodeIgniter->handleRequest(NULL, Object(Config\Cache), false)
#8 C:\xampp\htdocs\codeigniter_4\codeignitier\public\index.php(37): CodeIgniter\CodeIgniter->run()
#9 C:\xampp\htdocs\codeigniter_4\codeignitier\system\Commands\Server\rewrite.php(43): require_once('C:\\xampp\\htdocs...')
#10 {main}
CRITICAL - 2021-12-14 04:56:44 --> Undefined variable $name
#0 C:\xampp\htdocs\codeigniter_4\codeignitier\app\Views\frontend\product.php(10): CodeIgniter\Debug\Exceptions->errorHandler(2, 'Undefined varia...', 'C:\\xampp\\htdocs...', 10)
#1 C:\xampp\htdocs\codeigniter_4\codeignitier\system\View\View.php(214): include('C:\\xampp\\htdocs...')
#2 C:\xampp\htdocs\codeigniter_4\codeignitier\system\View\View.php(217): CodeIgniter\View\View->CodeIgniter\View\{closure}()
#3 C:\xampp\htdocs\codeigniter_4\codeignitier\system\Common.php(1097): CodeIgniter\View\View->render('frontend/produc...', Array, true)
#4 C:\xampp\htdocs\codeigniter_4\codeignitier\app\Controllers\ProductController.php(23): view('frontend/produc...', Array)
#5 C:\xampp\htdocs\codeigniter_4\codeignitier\system\CodeIgniter.php(824): App\Controllers\ProductController->find('Samsung')
#6 C:\xampp\htdocs\codeigniter_4\codeignitier\system\CodeIgniter.php(410): CodeIgniter\CodeIgniter->runController(Object(App\Controllers\ProductController))
#7 C:\xampp\htdocs\codeigniter_4\codeignitier\system\CodeIgniter.php(318): CodeIgniter\CodeIgniter->handleRequest(NULL, Object(Config\Cache), false)
#8 C:\xampp\htdocs\codeigniter_4\codeignitier\public\index.php(37): CodeIgniter\CodeIgniter->run()
#9 C:\xampp\htdocs\codeigniter_4\codeignitier\system\Commands\Server\rewrite.php(43): require_once('C:\\xampp\\htdocs...')
#10 {main}
CRITICAL - 2021-12-14 04:56:44 --> Undefined variable $name
#0 C:\xampp\htdocs\codeigniter_4\codeignitier\app\Views\frontend\product.php(10): CodeIgniter\Debug\Exceptions->errorHandler(2, 'Undefined varia...', 'C:\\xampp\\htdocs...', 10)
#1 C:\xampp\htdocs\codeigniter_4\codeignitier\system\View\View.php(214): include('C:\\xampp\\htdocs...')
#2 C:\xampp\htdocs\codeigniter_4\codeignitier\system\View\View.php(217): CodeIgniter\View\View->CodeIgniter\View\{closure}()
#3 C:\xampp\htdocs\codeigniter_4\codeignitier\system\Common.php(1097): CodeIgniter\View\View->render('frontend/produc...', Array, true)
#4 C:\xampp\htdocs\codeigniter_4\codeignitier\app\Controllers\ProductController.php(23): view('frontend/produc...', Array)
#5 C:\xampp\htdocs\codeigniter_4\codeignitier\system\CodeIgniter.php(824): App\Controllers\ProductController->find('Samsung')
#6 C:\xampp\htdocs\codeigniter_4\codeignitier\system\CodeIgniter.php(410): CodeIgniter\CodeIgniter->runController(Object(App\Controllers\ProductController))
#7 C:\xampp\htdocs\codeigniter_4\codeignitier\system\CodeIgniter.php(318): CodeIgniter\CodeIgniter->handleRequest(NULL, Object(Config\Cache), false)
#8 C:\xampp\htdocs\codeigniter_4\codeignitier\public\index.php(37): CodeIgniter\CodeIgniter->run()
#9 C:\xampp\htdocs\codeigniter_4\codeignitier\system\Commands\Server\rewrite.php(43): require_once('C:\\xampp\\htdocs...')
#10 {main}
CRITICAL - 2021-12-14 04:56:48 --> Undefined variable $name
#0 C:\xampp\htdocs\codeigniter_4\codeignitier\app\Views\frontend\product.php(10): CodeIgniter\Debug\Exceptions->errorHandler(2, 'Undefined varia...', 'C:\\xampp\\htdocs...', 10)
#1 C:\xampp\htdocs\codeigniter_4\codeignitier\system\View\View.php(214): include('C:\\xampp\\htdocs...')
#2 C:\xampp\htdocs\codeigniter_4\codeignitier\system\View\View.php(217): CodeIgniter\View\View->CodeIgniter\View\{closure}()
#3 C:\xampp\htdocs\codeigniter_4\codeignitier\system\Common.php(1097): CodeIgniter\View\View->render('frontend/produc...', Array, true)
#4 C:\xampp\htdocs\codeigniter_4\codeignitier\app\Controllers\ProductController.php(23): view('frontend/produc...', Array)
#5 C:\xampp\htdocs\codeigniter_4\codeignitier\system\CodeIgniter.php(824): App\Controllers\ProductController->find('Samsung')
#6 C:\xampp\htdocs\codeigniter_4\codeignitier\system\CodeIgniter.php(410): CodeIgniter\CodeIgniter->runController(Object(App\Controllers\ProductController))
#7 C:\xampp\htdocs\codeigniter_4\codeignitier\system\CodeIgniter.php(318): CodeIgniter\CodeIgniter->handleRequest(NULL, Object(Config\Cache), false)
#8 C:\xampp\htdocs\codeigniter_4\codeignitier\public\index.php(37): CodeIgniter\CodeIgniter->run()
#9 C:\xampp\htdocs\codeigniter_4\codeignitier\system\Commands\Server\rewrite.php(43): require_once('C:\\xampp\\htdocs...')
#10 {main}
CRITICAL - 2021-12-14 04:57:47 --> view(): Argument #2 ($data) must be of type array, string given, called in C:\xampp\htdocs\codeigniter_4\codeignitier\app\Controllers\ProductController.php on line 23
#0 C:\xampp\htdocs\codeigniter_4\codeignitier\app\Controllers\ProductController.php(23): view('frontend/produc...', '"Samsung"')
#1 C:\xampp\htdocs\codeigniter_4\codeignitier\system\CodeIgniter.php(824): App\Controllers\ProductController->find('Samsung')
#2 C:\xampp\htdocs\codeigniter_4\codeignitier\system\CodeIgniter.php(410): CodeIgniter\CodeIgniter->runController(Object(App\Controllers\ProductController))
#3 C:\xampp\htdocs\codeigniter_4\codeignitier\system\CodeIgniter.php(318): CodeIgniter\CodeIgniter->handleRequest(NULL, Object(Config\Cache), false)
#4 C:\xampp\htdocs\codeigniter_4\codeignitier\public\index.php(37): CodeIgniter\CodeIgniter->run()
#5 C:\xampp\htdocs\codeigniter_4\codeignitier\system\Commands\Server\rewrite.php(43): require_once('C:\\xampp\\htdocs...')
#6 {main}
CRITICAL - 2021-12-14 04:57:47 --> view(): Argument #2 ($data) must be of type array, string given, called in C:\xampp\htdocs\codeigniter_4\codeignitier\app\Controllers\ProductController.php on line 23
#0 C:\xampp\htdocs\codeigniter_4\codeignitier\app\Controllers\ProductController.php(23): view('frontend/produc...', '"Samsung"')
#1 C:\xampp\htdocs\codeigniter_4\codeignitier\system\CodeIgniter.php(824): App\Controllers\ProductController->find('Samsung')
#2 C:\xampp\htdocs\codeigniter_4\codeignitier\system\CodeIgniter.php(410): CodeIgniter\CodeIgniter->runController(Object(App\Controllers\ProductController))
#3 C:\xampp\htdocs\codeigniter_4\codeignitier\system\CodeIgniter.php(318): CodeIgniter\CodeIgniter->handleRequest(NULL, Object(Config\Cache), false)
#4 C:\xampp\htdocs\codeigniter_4\codeignitier\public\index.php(37): CodeIgniter\CodeIgniter->run()
#5 C:\xampp\htdocs\codeigniter_4\codeignitier\system\Commands\Server\rewrite.php(43): require_once('C:\\xampp\\htdocs...')
#6 {main}
CRITICAL - 2021-12-14 04:57:47 --> view(): Argument #2 ($data) must be of type array, string given, called in C:\xampp\htdocs\codeigniter_4\codeignitier\app\Controllers\ProductController.php on line 23
#0 C:\xampp\htdocs\codeigniter_4\codeignitier\app\Controllers\ProductController.php(23): view('frontend/produc...', '"Samsung"')
#1 C:\xampp\htdocs\codeigniter_4\codeignitier\system\CodeIgniter.php(824): App\Controllers\ProductController->find('Samsung')
#2 C:\xampp\htdocs\codeigniter_4\codeignitier\system\CodeIgniter.php(410): CodeIgniter\CodeIgniter->runController(Object(App\Controllers\ProductController))
#3 C:\xampp\htdocs\codeigniter_4\codeignitier\system\CodeIgniter.php(318): CodeIgniter\CodeIgniter->handleRequest(NULL, Object(Config\Cache), false)
#4 C:\xampp\htdocs\codeigniter_4\codeignitier\public\index.php(37): CodeIgniter\CodeIgniter->run()
#5 C:\xampp\htdocs\codeigniter_4\codeignitier\system\Commands\Server\rewrite.php(43): require_once('C:\\xampp\\htdocs...')
#6 {main}
CRITICAL - 2021-12-14 05:11:06 --> syntax error, unexpected variable "$data"
#0 C:\xampp\htdocs\codeigniter_4\codeignitier\system\Autoloader\Autoloader.php(241): CodeIgniter\Autoloader\Autoloader->includeFile('C:\\xampp\\htdocs...')
#1 C:\xampp\htdocs\codeigniter_4\codeignitier\system\Autoloader\Autoloader.php(219): CodeIgniter\Autoloader\Autoloader->loadInNamespace('App\\Controllers...')
#2 [internal function]: CodeIgniter\Autoloader\Autoloader->loadClass('App\\Controllers...')
#3 C:\xampp\htdocs\codeigniter_4\codeignitier\system\CodeIgniter.php(789): class_exists('\\App\\Controller...', true)
#4 C:\xampp\htdocs\codeigniter_4\codeignitier\system\CodeIgniter.php(397): CodeIgniter\CodeIgniter->startController()
#5 C:\xampp\htdocs\codeigniter_4\codeignitier\system\CodeIgniter.php(318): CodeIgniter\CodeIgniter->handleRequest(NULL, Object(Config\Cache), false)
#6 C:\xampp\htdocs\codeigniter_4\codeignitier\public\index.php(37): CodeIgniter\CodeIgniter->run()
#7 C:\xampp\htdocs\codeigniter_4\codeignitier\system\Commands\Server\rewrite.php(43): require_once('C:\\xampp\\htdocs...')
#8 {main}
CRITICAL - 2021-12-14 05:11:07 --> syntax error, unexpected variable "$data"
#0 C:\xampp\htdocs\codeigniter_4\codeignitier\system\Autoloader\Autoloader.php(241): CodeIgniter\Autoloader\Autoloader->includeFile('C:\\xampp\\htdocs...')
#1 C:\xampp\htdocs\codeigniter_4\codeignitier\system\Autoloader\Autoloader.php(219): CodeIgniter\Autoloader\Autoloader->loadInNamespace('App\\Controllers...')
#2 [internal function]: CodeIgniter\Autoloader\Autoloader->loadClass('App\\Controllers...')
#3 C:\xampp\htdocs\codeigniter_4\codeignitier\system\CodeIgniter.php(789): class_exists('\\App\\Controller...', true)
#4 C:\xampp\htdocs\codeigniter_4\codeignitier\system\CodeIgniter.php(397): CodeIgniter\CodeIgniter->startController()
#5 C:\xampp\htdocs\codeigniter_4\codeignitier\system\CodeIgniter.php(318): CodeIgniter\CodeIgniter->handleRequest(NULL, Object(Config\Cache), false)
#6 C:\xampp\htdocs\codeigniter_4\codeignitier\public\index.php(37): CodeIgniter\CodeIgniter->run()
#7 C:\xampp\htdocs\codeigniter_4\codeignitier\system\Commands\Server\rewrite.php(43): require_once('C:\\xampp\\htdocs...')
#8 {main}
CRITICAL - 2021-12-14 05:16:37 --> Undefined variable $name
#0 C:\xampp\htdocs\codeigniter_4\codeignitier\app\Views\frontend\product.php(10): CodeIgniter\Debug\Exceptions->errorHandler(2, 'Undefined varia...', 'C:\\xampp\\htdocs...', 10)
#1 C:\xampp\htdocs\codeigniter_4\codeignitier\system\View\View.php(214): include('C:\\xampp\\htdocs...')
#2 C:\xampp\htdocs\codeigniter_4\codeignitier\system\View\View.php(217): CodeIgniter\View\View->CodeIgniter\View\{closure}()
#3 C:\xampp\htdocs\codeigniter_4\codeignitier\system\Common.php(1097): CodeIgniter\View\View->render('frontend/produc...', Array, true)
#4 C:\xampp\htdocs\codeigniter_4\codeignitier\app\Controllers\ProductController.php(10): view('frontend/produc...')
#5 C:\xampp\htdocs\codeigniter_4\codeignitier\system\CodeIgniter.php(824): App\Controllers\ProductController->feature()
#6 C:\xampp\htdocs\codeigniter_4\codeignitier\system\CodeIgniter.php(410): CodeIgniter\CodeIgniter->runController(Object(App\Controllers\ProductController))
#7 C:\xampp\htdocs\codeigniter_4\codeignitier\system\CodeIgniter.php(318): CodeIgniter\CodeIgniter->handleRequest(NULL, Object(Config\Cache), false)
#8 C:\xampp\htdocs\codeigniter_4\codeignitier\public\index.php(37): CodeIgniter\CodeIgniter->run()
#9 C:\xampp\htdocs\codeigniter_4\codeignitier\system\Commands\Server\rewrite.php(43): require_once('C:\\xampp\\htdocs...')
#10 {main}
